Determining if the __INTEL_COMPILER exist failed with the following output:
Change Dir: /home/ferdy/lststools/dune/source/CMakeFiles/CMakeTmp

Run Build Command:"/usr/bin/make" "cmTC_a8a94/fast"
/usr/bin/make -f CMakeFiles/cmTC_a8a94.dir/build.make CMakeFiles/cmTC_a8a94.dir/build
make[1]: Entering directory '/home/ferdy/lststools/dune/source/CMakeFiles/CMakeTmp'
Building C object CMakeFiles/cmTC_a8a94.dir/CheckSymbolExists.c.o
/usr/bin/cc    -o CMakeFiles/cmTC_a8a94.dir/CheckSymbolExists.c.o   -c /home/ferdy/lststools/dune/source/CMakeFiles/CMakeTmp/CheckSymbolExists.c
/home/ferdy/lststools/dune/source/CMakeFiles/CMakeTmp/CheckSymbolExists.c: In function ‘main’:
/home/ferdy/lststools/dune/source/CMakeFiles/CMakeTmp/CheckSymbolExists.c:8:19: error: ‘__INTEL_COMPILER’ undeclared (first use in this function)
   return ((int*)(&__INTEL_COMPILER))[argc];
                   ^~~~~~~~~~~~~~~~
/home/ferdy/lststools/dune/source/CMakeFiles/CMakeTmp/CheckSymbolExists.c:8:19: note: each undeclared identifier is reported only once for each function it appears in
CMakeFiles/cmTC_a8a94.dir/build.make:65: recipe for target 'CMakeFiles/cmTC_a8a94.dir/CheckSymbolExists.c.o' failed
make[1]: *** [CMakeFiles/cmTC_a8a94.dir/CheckSymbolExists.c.o] Error 1
make[1]: Leaving directory '/home/ferdy/lststools/dune/source/CMakeFiles/CMakeTmp'
Makefile:126: recipe for target 'cmTC_a8a94/fast' failed
make: *** [cmTC_a8a94/fast] Error 2

File /home/ferdy/lststools/dune/source/CMakeFiles/CMakeTmp/CheckSymbolExists.c:
/* */
#include <stdio.h>

int main(int argc, char** argv)
{
  (void)argv;
#ifndef __INTEL_COMPILER
  return ((int*)(&__INTEL_COMPILER))[argc];
#else
  (void)argc;
  return 0;
#endif
}

Determining if the __SUNPRO_C exist failed with the following output:
Change Dir: /home/ferdy/lststools/dune/source/CMakeFiles/CMakeTmp

Run Build Command:"/usr/bin/make" "cmTC_9ce79/fast"
/usr/bin/make -f CMakeFiles/cmTC_9ce79.dir/build.make CMakeFiles/cmTC_9ce79.dir/build
make[1]: Entering directory '/home/ferdy/lststools/dune/source/CMakeFiles/CMakeTmp'
Building C object CMakeFiles/cmTC_9ce79.dir/CheckSymbolExists.c.o
/usr/bin/cc    -o CMakeFiles/cmTC_9ce79.dir/CheckSymbolExists.c.o   -c /home/ferdy/lststools/dune/source/CMakeFiles/CMakeTmp/CheckSymbolExists.c
/home/ferdy/lststools/dune/source/CMakeFiles/CMakeTmp/CheckSymbolExists.c: In function ‘main’:
/home/ferdy/lststools/dune/source/CMakeFiles/CMakeTmp/CheckSymbolExists.c:8:19: error: ‘__SUNPRO_C’ undeclared (first use in this function); did you mean ‘__INT8_C’?
   return ((int*)(&__SUNPRO_C))[argc];
                   ^~~~~~~~~~
                   __INT8_C
/home/ferdy/lststools/dune/source/CMakeFiles/CMakeTmp/CheckSymbolExists.c:8:19: note: each undeclared identifier is reported only once for each function it appears in
CMakeFiles/cmTC_9ce79.dir/build.make:65: recipe for target 'CMakeFiles/cmTC_9ce79.dir/CheckSymbolExists.c.o' failed
make[1]: *** [CMakeFiles/cmTC_9ce79.dir/CheckSymbolExists.c.o] Error 1
make[1]: Leaving directory '/home/ferdy/lststools/dune/source/CMakeFiles/CMakeTmp'
Makefile:126: recipe for target 'cmTC_9ce79/fast' failed
make: *** [cmTC_9ce79/fast] Error 2

File /home/ferdy/lststools/dune/source/CMakeFiles/CMakeTmp/CheckSymbolExists.c:
/* */
#include <stdio.h>

int main(int argc, char** argv)
{
  (void)argv;
#ifndef __SUNPRO_C
  return ((int*)(&__SUNPRO_C))[argc];
#else
  (void)argc;
  return 0;
#endif
}

Determining if the __clang__ exist failed with the following output:
Change Dir: /home/ferdy/lststools/dune/source/CMakeFiles/CMakeTmp

Run Build Command:"/usr/bin/make" "cmTC_99607/fast"
/usr/bin/make -f CMakeFiles/cmTC_99607.dir/build.make CMakeFiles/cmTC_99607.dir/build
make[1]: Entering directory '/home/ferdy/lststools/dune/source/CMakeFiles/CMakeTmp'
Building C object CMakeFiles/cmTC_99607.dir/CheckSymbolExists.c.o
/usr/bin/cc    -o CMakeFiles/cmTC_99607.dir/CheckSymbolExists.c.o   -c /home/ferdy/lststools/dune/source/CMakeFiles/CMakeTmp/CheckSymbolExists.c
/home/ferdy/lststools/dune/source/CMakeFiles/CMakeTmp/CheckSymbolExists.c: In function ‘main’:
/home/ferdy/lststools/dune/source/CMakeFiles/CMakeTmp/CheckSymbolExists.c:8:19: error: ‘__clang__’ undeclared (first use in this function); did you mean ‘__clock_t’?
   return ((int*)(&__clang__))[argc];
                   ^~~~~~~~~
                   __clock_t
/home/ferdy/lststools/dune/source/CMakeFiles/CMakeTmp/CheckSymbolExists.c:8:19: note: each undeclared identifier is reported only once for each function it appears in
CMakeFiles/cmTC_99607.dir/build.make:65: recipe for target 'CMakeFiles/cmTC_99607.dir/CheckSymbolExists.c.o' failed
make[1]: *** [CMakeFiles/cmTC_99607.dir/CheckSymbolExists.c.o] Error 1
make[1]: Leaving directory '/home/ferdy/lststools/dune/source/CMakeFiles/CMakeTmp'
Makefile:126: recipe for target 'cmTC_99607/fast' failed
make: *** [cmTC_99607/fast] Error 2

File /home/ferdy/lststools/dune/source/CMakeFiles/CMakeTmp/CheckSymbolExists.c:
/* */
#include <stdio.h>

int main(int argc, char** argv)
{
  (void)argv;
#ifndef __clang__
  return ((int*)(&__clang__))[argc];
#else
  (void)argc;
  return 0;
#endif
}

Performing C++ SOURCE FILE Test __ARCH64__ failed with the following output:
Change Dir: /home/ferdy/lststools/dune/source/CMakeFiles/CMakeTmp

Run Build Command:"/usr/bin/make" "cmTC_f0600/fast"
/usr/bin/make -f CMakeFiles/cmTC_f0600.dir/build.make CMakeFiles/cmTC_f0600.dir/build
make[1]: Entering directory '/home/ferdy/lststools/dune/source/CMakeFiles/CMakeTmp'
Building CXX object CMakeFiles/cmTC_f0600.dir/src.cxx.o
/usr/bin/c++    -D__ARCH64__   -o CMakeFiles/cmTC_f0600.dir/src.cxx.o -c /home/ferdy/lststools/dune/source/CMakeFiles/CMakeTmp/src.cxx
/home/ferdy/lststools/dune/source/CMakeFiles/CMakeTmp/src.cxx:3:2: error: #error not defined
 #error not defined
  ^~~~~
CMakeFiles/cmTC_f0600.dir/build.make:65: recipe for target 'CMakeFiles/cmTC_f0600.dir/src.cxx.o' failed
make[1]: *** [CMakeFiles/cmTC_f0600.dir/src.cxx.o] Error 1
make[1]: Leaving directory '/home/ferdy/lststools/dune/source/CMakeFiles/CMakeTmp'
Makefile:126: recipe for target 'cmTC_f0600/fast' failed
make: *** [cmTC_f0600/fast] Error 2

Source file was:
#if defined(__arch64__)
#else
#error not defined
#endif
int main(void) {return 0; }

Performing C++ SOURCE FILE Test DUNE_CPU_MIXED_ENDIAN_DOUBLES failed with the following output:
Change Dir: /home/ferdy/lststools/dune/source/CMakeFiles/CMakeTmp

Run Build Command:"/usr/bin/make" "cmTC_3710d/fast"
/usr/bin/make -f CMakeFiles/cmTC_3710d.dir/build.make CMakeFiles/cmTC_3710d.dir/build
make[1]: Entering directory '/home/ferdy/lststools/dune/source/CMakeFiles/CMakeTmp'
Building CXX object CMakeFiles/cmTC_3710d.dir/src.cxx.o
/usr/bin/c++    -DDUNE_CPU_MIXED_ENDIAN_DOUBLES   -o CMakeFiles/cmTC_3710d.dir/src.cxx.o -c /home/ferdy/lststools/dune/source/CMakeFiles/CMakeTmp/src.cxx
/home/ferdy/lststools/dune/source/CMakeFiles/CMakeTmp/src.cxx:3:4: error: #error not ARM architecture
 #  error not ARM architecture
    ^~~~~
CMakeFiles/cmTC_3710d.dir/build.make:65: recipe for target 'CMakeFiles/cmTC_3710d.dir/src.cxx.o' failed
make[1]: *** [CMakeFiles/cmTC_3710d.dir/src.cxx.o] Error 1
make[1]: Leaving directory '/home/ferdy/lststools/dune/source/CMakeFiles/CMakeTmp'
Makefile:126: recipe for target 'cmTC_3710d/fast' failed
make: *** [cmTC_3710d/fast] Error 2

Source file was:

#if !defined(__arm__)
#  error not ARM architecture
#endif

#if defined(__VFP_FP__)
#  error normal doubles.
#endif

int main(void) { return 0; }

Performing C++ SOURCE FILE Test DUNE_CPU_VARIANT_ATOM failed with the following output:
Change Dir: /home/ferdy/lststools/dune/source/CMakeFiles/CMakeTmp

Run Build Command:"/usr/bin/make" "cmTC_b3832/fast"
/usr/bin/make -f CMakeFiles/cmTC_b3832.dir/build.make CMakeFiles/cmTC_b3832.dir/build
make[1]: Entering directory '/home/ferdy/lststools/dune/source/CMakeFiles/CMakeTmp'
Building CXX object CMakeFiles/cmTC_b3832.dir/src.cxx.o
/usr/bin/c++    -DDUNE_CPU_VARIANT_ATOM   -o CMakeFiles/cmTC_b3832.dir/src.cxx.o -c /home/ferdy/lststools/dune/source/CMakeFiles/CMakeTmp/src.cxx
/home/ferdy/lststools/dune/source/CMakeFiles/CMakeTmp/src.cxx:2:2: error: #error undefined macro
 #error undefined macro
  ^~~~~
CMakeFiles/cmTC_b3832.dir/build.make:65: recipe for target 'CMakeFiles/cmTC_b3832.dir/src.cxx.o' failed
make[1]: *** [CMakeFiles/cmTC_b3832.dir/src.cxx.o] Error 1
make[1]: Leaving directory '/home/ferdy/lststools/dune/source/CMakeFiles/CMakeTmp'
Makefile:126: recipe for target 'cmTC_b3832/fast' failed
make: *** [cmTC_b3832/fast] Error 2

Source file was:
#if !defined(__atom__)
#error undefined macro
#endif
int main(void){return 0;}
Performing C++ SOURCE FILE Test DUNE_CPU_VARIANT_GEODE failed with the following output:
Change Dir: /home/ferdy/lststools/dune/source/CMakeFiles/CMakeTmp

Run Build Command:"/usr/bin/make" "cmTC_13a5a/fast"
/usr/bin/make -f CMakeFiles/cmTC_13a5a.dir/build.make CMakeFiles/cmTC_13a5a.dir/build
make[1]: Entering directory '/home/ferdy/lststools/dune/source/CMakeFiles/CMakeTmp'
Building CXX object CMakeFiles/cmTC_13a5a.dir/src.cxx.o
/usr/bin/c++    -DDUNE_CPU_VARIANT_GEODE   -o CMakeFiles/cmTC_13a5a.dir/src.cxx.o -c /home/ferdy/lststools/dune/source/CMakeFiles/CMakeTmp/src.cxx
/home/ferdy/lststools/dune/source/CMakeFiles/CMakeTmp/src.cxx:2:2: error: #error undefined macro
 #error undefined macro
  ^~~~~
CMakeFiles/cmTC_13a5a.dir/build.make:65: recipe for target 'CMakeFiles/cmTC_13a5a.dir/src.cxx.o' failed
make[1]: *** [CMakeFiles/cmTC_13a5a.dir/src.cxx.o] Error 1
make[1]: Leaving directory '/home/ferdy/lststools/dune/source/CMakeFiles/CMakeTmp'
Makefile:126: recipe for target 'cmTC_13a5a/fast' failed
make: *** [cmTC_13a5a/fast] Error 2

Source file was:
#if !defined(__geode__)
#error undefined macro
#endif
int main(void){return 0;}
Determining if the __ANDROID__ exist failed with the following output:
Change Dir: /home/ferdy/lststools/dune/source/CMakeFiles/CMakeTmp

Run Build Command:"/usr/bin/make" "cmTC_b1c8b/fast"
/usr/bin/make -f CMakeFiles/cmTC_b1c8b.dir/build.make CMakeFiles/cmTC_b1c8b.dir/build
make[1]: Entering directory '/home/ferdy/lststools/dune/source/CMakeFiles/CMakeTmp'
Building C object CMakeFiles/cmTC_b1c8b.dir/CheckSymbolExists.c.o
/usr/bin/cc    -o CMakeFiles/cmTC_b1c8b.dir/CheckSymbolExists.c.o   -c /home/ferdy/lststools/dune/source/CMakeFiles/CMakeTmp/CheckSymbolExists.c
/home/ferdy/lststools/dune/source/CMakeFiles/CMakeTmp/CheckSymbolExists.c: In function ‘main’:
/home/ferdy/lststools/dune/source/CMakeFiles/CMakeTmp/CheckSymbolExists.c:8:19: error: ‘__ANDROID__’ undeclared (first use in this function)
   return ((int*)(&__ANDROID__))[argc];
                   ^~~~~~~~~~~
/home/ferdy/lststools/dune/source/CMakeFiles/CMakeTmp/CheckSymbolExists.c:8:19: note: each undeclared identifier is reported only once for each function it appears in
CMakeFiles/cmTC_b1c8b.dir/build.make:65: recipe for target 'CMakeFiles/cmTC_b1c8b.dir/CheckSymbolExists.c.o' failed
make[1]: *** [CMakeFiles/cmTC_b1c8b.dir/CheckSymbolExists.c.o] Error 1
make[1]: Leaving directory '/home/ferdy/lststools/dune/source/CMakeFiles/CMakeTmp'
Makefile:126: recipe for target 'cmTC_b1c8b/fast' failed
make: *** [cmTC_b1c8b/fast] Error 2

File /home/ferdy/lststools/dune/source/CMakeFiles/CMakeTmp/CheckSymbolExists.c:
/* */
#include <stdio.h>

int main(int argc, char** argv)
{
  (void)argv;
#ifndef __ANDROID__
  return ((int*)(&__ANDROID__))[argc];
#else
  (void)argc;
  return 0;
#endif
}

Performing C++ SOURCE FILE Test OS_LINUX24 failed with the following output:
Change Dir: /home/ferdy/lststools/dune/source/CMakeFiles/CMakeTmp

Run Build Command:"/usr/bin/make" "cmTC_114ff/fast"
/usr/bin/make -f CMakeFiles/cmTC_114ff.dir/build.make CMakeFiles/cmTC_114ff.dir/build
make[1]: Entering directory '/home/ferdy/lststools/dune/source/CMakeFiles/CMakeTmp'
Building CXX object CMakeFiles/cmTC_114ff.dir/src.cxx.o
/usr/bin/c++    -DOS_LINUX24   -o CMakeFiles/cmTC_114ff.dir/src.cxx.o -c /home/ferdy/lststools/dune/source/CMakeFiles/CMakeTmp/src.cxx
/home/ferdy/lststools/dune/source/CMakeFiles/CMakeTmp/src.cxx:4:4: error: #error Linux 2.5 or greater
 #  error Linux 2.5 or greater
    ^~~~~
CMakeFiles/cmTC_114ff.dir/build.make:65: recipe for target 'CMakeFiles/cmTC_114ff.dir/src.cxx.o' failed
make[1]: *** [CMakeFiles/cmTC_114ff.dir/src.cxx.o] Error 1
make[1]: Leaving directory '/home/ferdy/lststools/dune/source/CMakeFiles/CMakeTmp'
Makefile:126: recipe for target 'cmTC_114ff/fast' failed
make: *** [cmTC_114ff/fast] Error 2

Source file was:

#include <linux/version.h>
#if LINUX_VERSION_CODE >= KERNEL_VERSION(2, 5, 0)
#  error Linux 2.5 or greater
#endif

Performing C++ SOURCE FILE Test LLVM_LIBC failed with the following output:
Change Dir: /home/ferdy/lststools/dune/source/CMakeFiles/CMakeTmp

Run Build Command:"/usr/bin/make" "cmTC_53940/fast"
/usr/bin/make -f CMakeFiles/cmTC_53940.dir/build.make CMakeFiles/cmTC_53940.dir/build
make[1]: Entering directory '/home/ferdy/lststools/dune/source/CMakeFiles/CMakeTmp'
Building CXX object CMakeFiles/cmTC_53940.dir/src.cxx.o
/usr/bin/c++    -DLLVM_LIBC   -o CMakeFiles/cmTC_53940.dir/src.cxx.o -c /home/ferdy/lststools/dune/source/CMakeFiles/CMakeTmp/src.cxx
/home/ferdy/lststools/dune/source/CMakeFiles/CMakeTmp/src.cxx: In function ‘int main()’:
/home/ferdy/lststools/dune/source/CMakeFiles/CMakeTmp/src.cxx:2:26: error: ‘_LIBCPP_VERSION’ was not declared in this scope
  int main(void) { return _LIBCPP_VERSION; }
                          ^~~~~~~~~~~~~~~
/home/ferdy/lststools/dune/source/CMakeFiles/CMakeTmp/src.cxx:2:26: note: suggested alternative: ‘_GLIBCXX_VERBOSE’
  int main(void) { return _LIBCPP_VERSION; }
                          ^~~~~~~~~~~~~~~
                          _GLIBCXX_VERBOSE
CMakeFiles/cmTC_53940.dir/build.make:65: recipe for target 'CMakeFiles/cmTC_53940.dir/src.cxx.o' failed
make[1]: *** [CMakeFiles/cmTC_53940.dir/src.cxx.o] Error 1
make[1]: Leaving directory '/home/ferdy/lststools/dune/source/CMakeFiles/CMakeTmp'
Makefile:126: recipe for target 'cmTC_53940/fast' failed
make: *** [cmTC_53940/fast] Error 2

Source file was:
#include <cstddef>
 int main(void) { return _LIBCPP_VERSION; }
Determining if the __UCLIBC__ exist failed with the following output:
Change Dir: /home/ferdy/lststools/dune/source/CMakeFiles/CMakeTmp

Run Build Command:"/usr/bin/make" "cmTC_943c1/fast"
/usr/bin/make -f CMakeFiles/cmTC_943c1.dir/build.make CMakeFiles/cmTC_943c1.dir/build
make[1]: Entering directory '/home/ferdy/lststools/dune/source/CMakeFiles/CMakeTmp'
Building C object CMakeFiles/cmTC_943c1.dir/CheckSymbolExists.c.o
/usr/bin/cc    -o CMakeFiles/cmTC_943c1.dir/CheckSymbolExists.c.o   -c /home/ferdy/lststools/dune/source/CMakeFiles/CMakeTmp/CheckSymbolExists.c
/home/ferdy/lststools/dune/source/CMakeFiles/CMakeTmp/CheckSymbolExists.c: In function ‘main’:
/home/ferdy/lststools/dune/source/CMakeFiles/CMakeTmp/CheckSymbolExists.c:8:19: error: ‘__UCLIBC__’ undeclared (first use in this function); did you mean ‘__GLIBC__’?
   return ((int*)(&__UCLIBC__))[argc];
                   ^~~~~~~~~~
                   __GLIBC__
/home/ferdy/lststools/dune/source/CMakeFiles/CMakeTmp/CheckSymbolExists.c:8:19: note: each undeclared identifier is reported only once for each function it appears in
CMakeFiles/cmTC_943c1.dir/build.make:65: recipe for target 'CMakeFiles/cmTC_943c1.dir/CheckSymbolExists.c.o' failed
make[1]: *** [CMakeFiles/cmTC_943c1.dir/CheckSymbolExists.c.o] Error 1
make[1]: Leaving directory '/home/ferdy/lststools/dune/source/CMakeFiles/CMakeTmp'
Makefile:126: recipe for target 'cmTC_943c1/fast' failed
make: *** [cmTC_943c1/fast] Error 2

File /home/ferdy/lststools/dune/source/CMakeFiles/CMakeTmp/CheckSymbolExists.c:
/* */
#include <stdio.h>

int main(int argc, char** argv)
{
  (void)argv;
#ifndef __UCLIBC__
  return ((int*)(&__UCLIBC__))[argc];
#else
  (void)argc;
  return 0;
#endif
}

Determining if the __BIONIC__ exist failed with the following output:
Change Dir: /home/ferdy/lststools/dune/source/CMakeFiles/CMakeTmp

Run Build Command:"/usr/bin/make" "cmTC_c9191/fast"
/usr/bin/make -f CMakeFiles/cmTC_c9191.dir/build.make CMakeFiles/cmTC_c9191.dir/build
make[1]: Entering directory '/home/ferdy/lststools/dune/source/CMakeFiles/CMakeTmp'
Building C object CMakeFiles/cmTC_c9191.dir/CheckSymbolExists.c.o
/usr/bin/cc    -o CMakeFiles/cmTC_c9191.dir/CheckSymbolExists.c.o   -c /home/ferdy/lststools/dune/source/CMakeFiles/CMakeTmp/CheckSymbolExists.c
/home/ferdy/lststools/dune/source/CMakeFiles/CMakeTmp/CheckSymbolExists.c: In function ‘main’:
/home/ferdy/lststools/dune/source/CMakeFiles/CMakeTmp/CheckSymbolExists.c:8:19: error: ‘__BIONIC__’ undeclared (first use in this function); did you mean ‘__LINE__’?
   return ((int*)(&__BIONIC__))[argc];
                   ^~~~~~~~~~
                   __LINE__
/home/ferdy/lststools/dune/source/CMakeFiles/CMakeTmp/CheckSymbolExists.c:8:19: note: each undeclared identifier is reported only once for each function it appears in
CMakeFiles/cmTC_c9191.dir/build.make:65: recipe for target 'CMakeFiles/cmTC_c9191.dir/CheckSymbolExists.c.o' failed
make[1]: *** [CMakeFiles/cmTC_c9191.dir/CheckSymbolExists.c.o] Error 1
make[1]: Leaving directory '/home/ferdy/lststools/dune/source/CMakeFiles/CMakeTmp'
Makefile:126: recipe for target 'cmTC_c9191/fast' failed
make: *** [cmTC_c9191/fast] Error 2

File /home/ferdy/lststools/dune/source/CMakeFiles/CMakeTmp/CheckSymbolExists.c:
/* */
#include <stdio.h>

int main(int argc, char** argv)
{
  (void)argv;
#ifndef __BIONIC__
  return ((int*)(&__BIONIC__))[argc];
#else
  (void)argc;
  return 0;
#endif
}

Determining if the function getch exists in the ws2_32 failed with the following output:
Change Dir: /home/ferdy/lststools/dune/source/CMakeFiles/CMakeTmp

Run Build Command:"/usr/bin/make" "cmTC_355c5/fast"
/usr/bin/make -f CMakeFiles/cmTC_355c5.dir/build.make CMakeFiles/cmTC_355c5.dir/build
make[1]: Entering directory '/home/ferdy/lststools/dune/source/CMakeFiles/CMakeTmp'
Building C object CMakeFiles/cmTC_355c5.dir/CheckFunctionExists.c.o
/usr/bin/cc   -DCHECK_FUNCTION_EXISTS=getch   -o CMakeFiles/cmTC_355c5.dir/CheckFunctionExists.c.o   -c /usr/share/cmake-3.10/Modules/CheckFunctionExists.c
Linking C executable cmTC_355c5
/usr/bin/cmake -E cmake_link_script CMakeFiles/cmTC_355c5.dir/link.txt --verbose=1
/usr/bin/cc  -DCHECK_FUNCTION_EXISTS=getch    -rdynamic CMakeFiles/cmTC_355c5.dir/CheckFunctionExists.c.o  -o cmTC_355c5 -lws2_32 -lrt 
/usr/bin/ld: cannot find -lws2_32
collect2: error: ld returned 1 exit status
CMakeFiles/cmTC_355c5.dir/build.make:97: recipe for target 'cmTC_355c5' failed
make[1]: *** [cmTC_355c5] Error 1
make[1]: Leaving directory '/home/ferdy/lststools/dune/source/CMakeFiles/CMakeTmp'
Makefile:126: recipe for target 'cmTC_355c5/fast' failed
make: *** [cmTC_355c5/fast] Error 2


Determining if the function getch exists in the wsock32 failed with the following output:
Change Dir: /home/ferdy/lststools/dune/source/CMakeFiles/CMakeTmp

Run Build Command:"/usr/bin/make" "cmTC_c7b41/fast"
/usr/bin/make -f CMakeFiles/cmTC_c7b41.dir/build.make CMakeFiles/cmTC_c7b41.dir/build
make[1]: Entering directory '/home/ferdy/lststools/dune/source/CMakeFiles/CMakeTmp'
Building C object CMakeFiles/cmTC_c7b41.dir/CheckFunctionExists.c.o
/usr/bin/cc   -DCHECK_FUNCTION_EXISTS=getch   -o CMakeFiles/cmTC_c7b41.dir/CheckFunctionExists.c.o   -c /usr/share/cmake-3.10/Modules/CheckFunctionExists.c
Linking C executable cmTC_c7b41
/usr/bin/cmake -E cmake_link_script CMakeFiles/cmTC_c7b41.dir/link.txt --verbose=1
/usr/bin/cc  -DCHECK_FUNCTION_EXISTS=getch    -rdynamic CMakeFiles/cmTC_c7b41.dir/CheckFunctionExists.c.o  -o cmTC_c7b41 -lwsock32 -lrt 
/usr/bin/ld: cannot find -lwsock32
collect2: error: ld returned 1 exit status
CMakeFiles/cmTC_c7b41.dir/build.make:97: recipe for target 'cmTC_c7b41' failed
make[1]: *** [cmTC_c7b41] Error 1
make[1]: Leaving directory '/home/ferdy/lststools/dune/source/CMakeFiles/CMakeTmp'
Makefile:126: recipe for target 'cmTC_c7b41/fast' failed
make: *** [cmTC_c7b41/fast] Error 2


Determining if the function getch exists in the iphlpapi failed with the following output:
Change Dir: /home/ferdy/lststools/dune/source/CMakeFiles/CMakeTmp

Run Build Command:"/usr/bin/make" "cmTC_00bab/fast"
/usr/bin/make -f CMakeFiles/cmTC_00bab.dir/build.make CMakeFiles/cmTC_00bab.dir/build
make[1]: Entering directory '/home/ferdy/lststools/dune/source/CMakeFiles/CMakeTmp'
Building C object CMakeFiles/cmTC_00bab.dir/CheckFunctionExists.c.o
/usr/bin/cc   -DCHECK_FUNCTION_EXISTS=getch   -o CMakeFiles/cmTC_00bab.dir/CheckFunctionExists.c.o   -c /usr/share/cmake-3.10/Modules/CheckFunctionExists.c
Linking C executable cmTC_00bab
/usr/bin/cmake -E cmake_link_script CMakeFiles/cmTC_00bab.dir/link.txt --verbose=1
/usr/bin/cc  -DCHECK_FUNCTION_EXISTS=getch    -rdynamic CMakeFiles/cmTC_00bab.dir/CheckFunctionExists.c.o  -o cmTC_00bab -liphlpapi -lrt 
/usr/bin/ld: cannot find -liphlpapi
collect2: error: ld returned 1 exit status
CMakeFiles/cmTC_00bab.dir/build.make:97: recipe for target 'cmTC_00bab' failed
make[1]: *** [cmTC_00bab] Error 1
make[1]: Leaving directory '/home/ferdy/lststools/dune/source/CMakeFiles/CMakeTmp'
Makefile:126: recipe for target 'cmTC_00bab/fast' failed
make: *** [cmTC_00bab/fast] Error 2


Determining if the function setsockopt exists in the socket failed with the following output:
Change Dir: /home/ferdy/lststools/dune/source/CMakeFiles/CMakeTmp

Run Build Command:"/usr/bin/make" "cmTC_237db/fast"
/usr/bin/make -f CMakeFiles/cmTC_237db.dir/build.make CMakeFiles/cmTC_237db.dir/build
make[1]: Entering directory '/home/ferdy/lststools/dune/source/CMakeFiles/CMakeTmp'
Building C object CMakeFiles/cmTC_237db.dir/CheckFunctionExists.c.o
/usr/bin/cc   -DCHECK_FUNCTION_EXISTS=setsockopt   -o CMakeFiles/cmTC_237db.dir/CheckFunctionExists.c.o   -c /usr/share/cmake-3.10/Modules/CheckFunctionExists.c
Linking C executable cmTC_237db
/usr/bin/cmake -E cmake_link_script CMakeFiles/cmTC_237db.dir/link.txt --verbose=1
/usr/bin/cc  -DCHECK_FUNCTION_EXISTS=setsockopt    -rdynamic CMakeFiles/cmTC_237db.dir/CheckFunctionExists.c.o  -o cmTC_237db -lsocket -lrt 
/usr/bin/ld: cannot find -lsocket
collect2: error: ld returned 1 exit status
CMakeFiles/cmTC_237db.dir/build.make:97: recipe for target 'cmTC_237db' failed
make[1]: *** [cmTC_237db] Error 1
make[1]: Leaving directory '/home/ferdy/lststools/dune/source/CMakeFiles/CMakeTmp'
Makefile:126: recipe for target 'cmTC_237db/fast' failed
make: *** [cmTC_237db/fast] Error 2


Determining if the function inet_addr exists in the xnet failed with the following output:
Change Dir: /home/ferdy/lststools/dune/source/CMakeFiles/CMakeTmp

Run Build Command:"/usr/bin/make" "cmTC_2c5ce/fast"
/usr/bin/make -f CMakeFiles/cmTC_2c5ce.dir/build.make CMakeFiles/cmTC_2c5ce.dir/build
make[1]: Entering directory '/home/ferdy/lststools/dune/source/CMakeFiles/CMakeTmp'
Building C object CMakeFiles/cmTC_2c5ce.dir/CheckFunctionExists.c.o
/usr/bin/cc   -DCHECK_FUNCTION_EXISTS=inet_addr   -o CMakeFiles/cmTC_2c5ce.dir/CheckFunctionExists.c.o   -c /usr/share/cmake-3.10/Modules/CheckFunctionExists.c
Linking C executable cmTC_2c5ce
/usr/bin/cmake -E cmake_link_script CMakeFiles/cmTC_2c5ce.dir/link.txt --verbose=1
/usr/bin/cc  -DCHECK_FUNCTION_EXISTS=inet_addr    -rdynamic CMakeFiles/cmTC_2c5ce.dir/CheckFunctionExists.c.o  -o cmTC_2c5ce -lxnet -lrt -lpthread -lm 
/usr/bin/ld: cannot find -lxnet
collect2: error: ld returned 1 exit status
CMakeFiles/cmTC_2c5ce.dir/build.make:97: recipe for target 'cmTC_2c5ce' failed
make[1]: *** [cmTC_2c5ce] Error 1
make[1]: Leaving directory '/home/ferdy/lststools/dune/source/CMakeFiles/CMakeTmp'
Makefile:126: recipe for target 'cmTC_2c5ce/fast' failed
make: *** [cmTC_2c5ce/fast] Error 2


Determining if the function gettext exists in the intl failed with the following output:
Change Dir: /home/ferdy/lststools/dune/source/CMakeFiles/CMakeTmp

Run Build Command:"/usr/bin/make" "cmTC_31a3a/fast"
/usr/bin/make -f CMakeFiles/cmTC_31a3a.dir/build.make CMakeFiles/cmTC_31a3a.dir/build
make[1]: Entering directory '/home/ferdy/lststools/dune/source/CMakeFiles/CMakeTmp'
Building C object CMakeFiles/cmTC_31a3a.dir/CheckFunctionExists.c.o
/usr/bin/cc   -DCHECK_FUNCTION_EXISTS=gettext   -o CMakeFiles/cmTC_31a3a.dir/CheckFunctionExists.c.o   -c /usr/share/cmake-3.10/Modules/CheckFunctionExists.c
<command-line>:0:23: warning: conflicting types for built-in function ‘gettext’ [-Wbuiltin-declaration-mismatch]
/usr/share/cmake-3.10/Modules/CheckFunctionExists.c:7:3: note: in expansion of macro ‘CHECK_FUNCTION_EXISTS’
   CHECK_FUNCTION_EXISTS(void);
   ^~~~~~~~~~~~~~~~~~~~~
Linking C executable cmTC_31a3a
/usr/bin/cmake -E cmake_link_script CMakeFiles/cmTC_31a3a.dir/link.txt --verbose=1
/usr/bin/cc  -DCHECK_FUNCTION_EXISTS=gettext    -rdynamic CMakeFiles/cmTC_31a3a.dir/CheckFunctionExists.c.o  -o cmTC_31a3a -lintl -lrt -lpthread -lm -lnsl -ldl 
/usr/bin/ld: cannot find -lintl
collect2: error: ld returned 1 exit status
CMakeFiles/cmTC_31a3a.dir/build.make:97: recipe for target 'cmTC_31a3a' failed
make[1]: *** [cmTC_31a3a] Error 1
make[1]: Leaving directory '/home/ferdy/lststools/dune/source/CMakeFiles/CMakeTmp'
Makefile:126: recipe for target 'cmTC_31a3a/fast' failed
make: *** [cmTC_31a3a/fast] Error 2


Determining if the include file devctl.h exists failed with the following output:
Change Dir: /home/ferdy/lststools/dune/source/CMakeFiles/CMakeTmp

Run Build Command:"/usr/bin/make" "cmTC_ef64d/fast"
/usr/bin/make -f CMakeFiles/cmTC_ef64d.dir/build.make CMakeFiles/cmTC_ef64d.dir/build
make[1]: Entering directory '/home/ferdy/lststools/dune/source/CMakeFiles/CMakeTmp'
Building CXX object CMakeFiles/cmTC_ef64d.dir/CheckIncludeFile.cxx.o
/usr/bin/c++     -o CMakeFiles/cmTC_ef64d.dir/CheckIncludeFile.cxx.o -c /home/ferdy/lststools/dune/source/CMakeFiles/CMakeTmp/CheckIncludeFile.cxx
/home/ferdy/lststools/dune/source/CMakeFiles/CMakeTmp/CheckIncludeFile.cxx:1:10: fatal error: devctl.h: No such file or directory
 #include <devctl.h>
          ^~~~~~~~~~
compilation terminated.
CMakeFiles/cmTC_ef64d.dir/build.make:65: recipe for target 'CMakeFiles/cmTC_ef64d.dir/CheckIncludeFile.cxx.o' failed
make[1]: *** [CMakeFiles/cmTC_ef64d.dir/CheckIncludeFile.cxx.o] Error 1
make[1]: Leaving directory '/home/ferdy/lststools/dune/source/CMakeFiles/CMakeTmp'
Makefile:126: recipe for target 'cmTC_ef64d/fast' failed
make: *** [cmTC_ef64d/fast] Error 2


Determining if the include file windows.h exists failed with the following output:
Change Dir: /home/ferdy/lststools/dune/source/CMakeFiles/CMakeTmp

Run Build Command:"/usr/bin/make" "cmTC_79f56/fast"
/usr/bin/make -f CMakeFiles/cmTC_79f56.dir/build.make CMakeFiles/cmTC_79f56.dir/build
make[1]: Entering directory '/home/ferdy/lststools/dune/source/CMakeFiles/CMakeTmp'
Building CXX object CMakeFiles/cmTC_79f56.dir/CheckIncludeFile.cxx.o
/usr/bin/c++     -o CMakeFiles/cmTC_79f56.dir/CheckIncludeFile.cxx.o -c /home/ferdy/lststools/dune/source/CMakeFiles/CMakeTmp/CheckIncludeFile.cxx
/home/ferdy/lststools/dune/source/CMakeFiles/CMakeTmp/CheckIncludeFile.cxx:1:10: fatal error: windows.h: No such file or directory
 #include <windows.h>
          ^~~~~~~~~~~
compilation terminated.
CMakeFiles/cmTC_79f56.dir/build.make:65: recipe for target 'CMakeFiles/cmTC_79f56.dir/CheckIncludeFile.cxx.o' failed
make[1]: *** [CMakeFiles/cmTC_79f56.dir/CheckIncludeFile.cxx.o] Error 1
make[1]: Leaving directory '/home/ferdy/lststools/dune/source/CMakeFiles/CMakeTmp'
Makefile:126: recipe for target 'cmTC_79f56/fast' failed
make: *** [cmTC_79f56/fast] Error 2


Determining if the include file direct.h exists failed with the following output:
Change Dir: /home/ferdy/lststools/dune/source/CMakeFiles/CMakeTmp

Run Build Command:"/usr/bin/make" "cmTC_6f87b/fast"
/usr/bin/make -f CMakeFiles/cmTC_6f87b.dir/build.make CMakeFiles/cmTC_6f87b.dir/build
make[1]: Entering directory '/home/ferdy/lststools/dune/source/CMakeFiles/CMakeTmp'
Building CXX object CMakeFiles/cmTC_6f87b.dir/CheckIncludeFile.cxx.o
/usr/bin/c++     -o CMakeFiles/cmTC_6f87b.dir/CheckIncludeFile.cxx.o -c /home/ferdy/lststools/dune/source/CMakeFiles/CMakeTmp/CheckIncludeFile.cxx
/home/ferdy/lststools/dune/source/CMakeFiles/CMakeTmp/CheckIncludeFile.cxx:1:10: fatal error: direct.h: No such file or directory
 #include <direct.h>
          ^~~~~~~~~~
compilation terminated.
CMakeFiles/cmTC_6f87b.dir/build.make:65: recipe for target 'CMakeFiles/cmTC_6f87b.dir/CheckIncludeFile.cxx.o' failed
make[1]: *** [CMakeFiles/cmTC_6f87b.dir/CheckIncludeFile.cxx.o] Error 1
make[1]: Leaving directory '/home/ferdy/lststools/dune/source/CMakeFiles/CMakeTmp'
Makefile:126: recipe for target 'cmTC_6f87b/fast' failed
make: *** [cmTC_6f87b/fast] Error 2


Determining if the include file winsock2.h exists failed with the following output:
Change Dir: /home/ferdy/lststools/dune/source/CMakeFiles/CMakeTmp

Run Build Command:"/usr/bin/make" "cmTC_774c5/fast"
/usr/bin/make -f CMakeFiles/cmTC_774c5.dir/build.make CMakeFiles/cmTC_774c5.dir/build
make[1]: Entering directory '/home/ferdy/lststools/dune/source/CMakeFiles/CMakeTmp'
Building CXX object CMakeFiles/cmTC_774c5.dir/CheckIncludeFile.cxx.o
/usr/bin/c++     -o CMakeFiles/cmTC_774c5.dir/CheckIncludeFile.cxx.o -c /home/ferdy/lststools/dune/source/CMakeFiles/CMakeTmp/CheckIncludeFile.cxx
/home/ferdy/lststools/dune/source/CMakeFiles/CMakeTmp/CheckIncludeFile.cxx:1:10: fatal error: winsock2.h: No such file or directory
 #include <winsock2.h>
          ^~~~~~~~~~~~
compilation terminated.
CMakeFiles/cmTC_774c5.dir/build.make:65: recipe for target 'CMakeFiles/cmTC_774c5.dir/CheckIncludeFile.cxx.o' failed
make[1]: *** [CMakeFiles/cmTC_774c5.dir/CheckIncludeFile.cxx.o] Error 1
make[1]: Leaving directory '/home/ferdy/lststools/dune/source/CMakeFiles/CMakeTmp'
Makefile:126: recipe for target 'cmTC_774c5/fast' failed
make: *** [cmTC_774c5/fast] Error 2


Determining if the include file mach-o/dyld.h exists failed with the following output:
Change Dir: /home/ferdy/lststools/dune/source/CMakeFiles/CMakeTmp

Run Build Command:"/usr/bin/make" "cmTC_e8a7b/fast"
/usr/bin/make -f CMakeFiles/cmTC_e8a7b.dir/build.make CMakeFiles/cmTC_e8a7b.dir/build
make[1]: Entering directory '/home/ferdy/lststools/dune/source/CMakeFiles/CMakeTmp'
Building CXX object CMakeFiles/cmTC_e8a7b.dir/CheckIncludeFile.cxx.o
/usr/bin/c++     -o CMakeFiles/cmTC_e8a7b.dir/CheckIncludeFile.cxx.o -c /home/ferdy/lststools/dune/source/CMakeFiles/CMakeTmp/CheckIncludeFile.cxx
/home/ferdy/lststools/dune/source/CMakeFiles/CMakeTmp/CheckIncludeFile.cxx:1:10: fatal error: mach-o/dyld.h: No such file or directory
 #include <mach-o/dyld.h>
          ^~~~~~~~~~~~~~~
compilation terminated.
CMakeFiles/cmTC_e8a7b.dir/build.make:65: recipe for target 'CMakeFiles/cmTC_e8a7b.dir/CheckIncludeFile.cxx.o' failed
make[1]: *** [CMakeFiles/cmTC_e8a7b.dir/CheckIncludeFile.cxx.o] Error 1
make[1]: Leaving directory '/home/ferdy/lststools/dune/source/CMakeFiles/CMakeTmp'
Makefile:126: recipe for target 'cmTC_e8a7b/fast' failed
make: *** [cmTC_e8a7b/fast] Error 2


Determining if the include file process.h exists failed with the following output:
Change Dir: /home/ferdy/lststools/dune/source/CMakeFiles/CMakeTmp

Run Build Command:"/usr/bin/make" "cmTC_9f69a/fast"
/usr/bin/make -f CMakeFiles/cmTC_9f69a.dir/build.make CMakeFiles/cmTC_9f69a.dir/build
make[1]: Entering directory '/home/ferdy/lststools/dune/source/CMakeFiles/CMakeTmp'
Building CXX object CMakeFiles/cmTC_9f69a.dir/CheckIncludeFile.cxx.o
/usr/bin/c++     -o CMakeFiles/cmTC_9f69a.dir/CheckIncludeFile.cxx.o -c /home/ferdy/lststools/dune/source/CMakeFiles/CMakeTmp/CheckIncludeFile.cxx
/home/ferdy/lststools/dune/source/CMakeFiles/CMakeTmp/CheckIncludeFile.cxx:1:10: fatal error: process.h: No such file or directory
 #include <process.h>
          ^~~~~~~~~~~
compilation terminated.
CMakeFiles/cmTC_9f69a.dir/build.make:65: recipe for target 'CMakeFiles/cmTC_9f69a.dir/CheckIncludeFile.cxx.o' failed
make[1]: *** [CMakeFiles/cmTC_9f69a.dir/CheckIncludeFile.cxx.o] Error 1
make[1]: Leaving directory '/home/ferdy/lststools/dune/source/CMakeFiles/CMakeTmp'
Makefile:126: recipe for target 'cmTC_9f69a/fast' failed
make: *** [cmTC_9f69a/fast] Error 2


Determining if the include file bsp.h exists failed with the following output:
Change Dir: /home/ferdy/lststools/dune/source/CMakeFiles/CMakeTmp

Run Build Command:"/usr/bin/make" "cmTC_2b386/fast"
/usr/bin/make -f CMakeFiles/cmTC_2b386.dir/build.make CMakeFiles/cmTC_2b386.dir/build
make[1]: Entering directory '/home/ferdy/lststools/dune/source/CMakeFiles/CMakeTmp'
Building CXX object CMakeFiles/cmTC_2b386.dir/CheckIncludeFile.cxx.o
/usr/bin/c++     -o CMakeFiles/cmTC_2b386.dir/CheckIncludeFile.cxx.o -c /home/ferdy/lststools/dune/source/CMakeFiles/CMakeTmp/CheckIncludeFile.cxx
/home/ferdy/lststools/dune/source/CMakeFiles/CMakeTmp/CheckIncludeFile.cxx:1:10: fatal error: bsp.h: No such file or directory
 #include <bsp.h>
          ^~~~~~~
compilation terminated.
CMakeFiles/cmTC_2b386.dir/build.make:65: recipe for target 'CMakeFiles/cmTC_2b386.dir/CheckIncludeFile.cxx.o' failed
make[1]: *** [CMakeFiles/cmTC_2b386.dir/CheckIncludeFile.cxx.o] Error 1
make[1]: Leaving directory '/home/ferdy/lststools/dune/source/CMakeFiles/CMakeTmp'
Makefile:126: recipe for target 'cmTC_2b386/fast' failed
make: *** [cmTC_2b386/fast] Error 2


Performing C++ SOURCE FILE Test DUNE_SYS_HAS_TIMEPPS_H failed with the following output:
Change Dir: /home/ferdy/lststools/dune/source/CMakeFiles/CMakeTmp

Run Build Command:"/usr/bin/make" "cmTC_b316c/fast"
/usr/bin/make -f CMakeFiles/cmTC_b316c.dir/build.make CMakeFiles/cmTC_b316c.dir/build
make[1]: Entering directory '/home/ferdy/lststools/dune/source/CMakeFiles/CMakeTmp'
Building CXX object CMakeFiles/cmTC_b316c.dir/src.cxx.o
/usr/bin/c++    -DDUNE_SYS_HAS_TIMEPPS_H   -o CMakeFiles/cmTC_b316c.dir/src.cxx.o -c /home/ferdy/lststools/dune/source/CMakeFiles/CMakeTmp/src.cxx
/home/ferdy/lststools/dune/source/CMakeFiles/CMakeTmp/src.cxx:3:10: fatal error: timepps.h: No such file or directory
 #include <timepps.h>
          ^~~~~~~~~~~
compilation terminated.
CMakeFiles/cmTC_b316c.dir/build.make:65: recipe for target 'CMakeFiles/cmTC_b316c.dir/src.cxx.o' failed
make[1]: *** [CMakeFiles/cmTC_b316c.dir/src.cxx.o] Error 1
make[1]: Leaving directory '/home/ferdy/lststools/dune/source/CMakeFiles/CMakeTmp'
Makefile:126: recipe for target 'cmTC_b316c/fast' failed
make: *** [cmTC_b316c/fast] Error 2

Source file was:
#include <unistd.h>

#include <timepps.h>
int main(void){ return 0; }

Performing C++ SOURCE FILE Test DUNE_SYS_HAS_IPHLPAPI_H failed with the following output:
Change Dir: /home/ferdy/lststools/dune/source/CMakeFiles/CMakeTmp

Run Build Command:"/usr/bin/make" "cmTC_a21f7/fast"
/usr/bin/make -f CMakeFiles/cmTC_a21f7.dir/build.make CMakeFiles/cmTC_a21f7.dir/build
make[1]: Entering directory '/home/ferdy/lststools/dune/source/CMakeFiles/CMakeTmp'
Building CXX object CMakeFiles/cmTC_a21f7.dir/src.cxx.o
/usr/bin/c++    -DDUNE_SYS_HAS_IPHLPAPI_H   -o CMakeFiles/cmTC_a21f7.dir/src.cxx.o -c /home/ferdy/lststools/dune/source/CMakeFiles/CMakeTmp/src.cxx
/home/ferdy/lststools/dune/source/CMakeFiles/CMakeTmp/src.cxx:2:10: fatal error: iphlpapi.h: No such file or directory
 #include <iphlpapi.h>
          ^~~~~~~~~~~~
compilation terminated.
CMakeFiles/cmTC_a21f7.dir/build.make:65: recipe for target 'CMakeFiles/cmTC_a21f7.dir/src.cxx.o' failed
make[1]: *** [CMakeFiles/cmTC_a21f7.dir/src.cxx.o] Error 1
make[1]: Leaving directory '/home/ferdy/lststools/dune/source/CMakeFiles/CMakeTmp'
Makefile:126: recipe for target 'cmTC_a21f7/fast' failed
make: *** [cmTC_a21f7/fast] Error 2

Source file was:

#include <iphlpapi.h>
int main(void){ return 0; }

Performing C++ SOURCE FILE Test DUNE_SYS_HAS_WS2TCPIP_H failed with the following output:
Change Dir: /home/ferdy/lststools/dune/source/CMakeFiles/CMakeTmp

Run Build Command:"/usr/bin/make" "cmTC_c6da4/fast"
/usr/bin/make -f CMakeFiles/cmTC_c6da4.dir/build.make CMakeFiles/cmTC_c6da4.dir/build
make[1]: Entering directory '/home/ferdy/lststools/dune/source/CMakeFiles/CMakeTmp'
Building CXX object CMakeFiles/cmTC_c6da4.dir/src.cxx.o
/usr/bin/c++    -DDUNE_SYS_HAS_WS2TCPIP_H   -o CMakeFiles/cmTC_c6da4.dir/src.cxx.o -c /home/ferdy/lststools/dune/source/CMakeFiles/CMakeTmp/src.cxx
/home/ferdy/lststools/dune/source/CMakeFiles/CMakeTmp/src.cxx:2:10: fatal error: ws2tcpip.h: No such file or directory
 #include <ws2tcpip.h>
          ^~~~~~~~~~~~
compilation terminated.
CMakeFiles/cmTC_c6da4.dir/build.make:65: recipe for target 'CMakeFiles/cmTC_c6da4.dir/src.cxx.o' failed
make[1]: *** [CMakeFiles/cmTC_c6da4.dir/src.cxx.o] Error 1
make[1]: Leaving directory '/home/ferdy/lststools/dune/source/CMakeFiles/CMakeTmp'
Makefile:126: recipe for target 'cmTC_c6da4/fast' failed
make: *** [cmTC_c6da4/fast] Error 2

Source file was:

#include <ws2tcpip.h>
int main(void){ return 0; }

Performing C++ SOURCE FILE Test DUNE_SYS_HAS_WS2SPI_H failed with the following output:
Change Dir: /home/ferdy/lststools/dune/source/CMakeFiles/CMakeTmp

Run Build Command:"/usr/bin/make" "cmTC_36ba5/fast"
/usr/bin/make -f CMakeFiles/cmTC_36ba5.dir/build.make CMakeFiles/cmTC_36ba5.dir/build
make[1]: Entering directory '/home/ferdy/lststools/dune/source/CMakeFiles/CMakeTmp'
Building CXX object CMakeFiles/cmTC_36ba5.dir/src.cxx.o
/usr/bin/c++    -DDUNE_SYS_HAS_WS2SPI_H   -o CMakeFiles/cmTC_36ba5.dir/src.cxx.o -c /home/ferdy/lststools/dune/source/CMakeFiles/CMakeTmp/src.cxx
/home/ferdy/lststools/dune/source/CMakeFiles/CMakeTmp/src.cxx:2:10: fatal error: ws2spi.h: No such file or directory
 #include <ws2spi.h>
          ^~~~~~~~~~
compilation terminated.
CMakeFiles/cmTC_36ba5.dir/build.make:65: recipe for target 'CMakeFiles/cmTC_36ba5.dir/src.cxx.o' failed
make[1]: *** [CMakeFiles/cmTC_36ba5.dir/src.cxx.o] Error 1
make[1]: Leaving directory '/home/ferdy/lststools/dune/source/CMakeFiles/CMakeTmp'
Makefile:126: recipe for target 'cmTC_36ba5/fast' failed
make: *** [cmTC_36ba5/fast] Error 2

Source file was:

#include <ws2spi.h>
int main(void){ return 0; }

Performing C++ SOURCE FILE Test DUNE_SYS_HAS_STRNCPY_S failed with the following output:
Change Dir: /home/ferdy/lststools/dune/source/CMakeFiles/CMakeTmp

Run Build Command:"/usr/bin/make" "cmTC_9dc31/fast"
/usr/bin/make -f CMakeFiles/cmTC_9dc31.dir/build.make CMakeFiles/cmTC_9dc31.dir/build
make[1]: Entering directory '/home/ferdy/lststools/dune/source/CMakeFiles/CMakeTmp'
Building CXX object CMakeFiles/cmTC_9dc31.dir/src.cxx.o
/usr/bin/c++    -DDUNE_SYS_HAS_STRNCPY_S -Wall -Wshadow -pedantic   -o CMakeFiles/cmTC_9dc31.dir/src.cxx.o -c /home/ferdy/lststools/dune/source/CMakeFiles/CMakeTmp/src.cxx
/home/ferdy/lststools/dune/source/CMakeFiles/CMakeTmp/src.cxx: In function ‘int main()’:
/home/ferdy/lststools/dune/source/CMakeFiles/CMakeTmp/src.cxx:4:1: error: ‘size_t’ was not declared in this scope
 size_t xx;
 ^~~~~~
/home/ferdy/lststools/dune/source/CMakeFiles/CMakeTmp/src.cxx:6:8: error: expected ‘;’ before ‘xxxx’
 size_t xxxx;
        ^~~~
/home/ferdy/lststools/dune/source/CMakeFiles/CMakeTmp/src.cxx:8:2: error: ‘errno_t’ was not declared in this scope
  errno_t rv = strncpy_s(&x, xx, &xxx, xxxx);
  ^~~~~~~
/home/ferdy/lststools/dune/source/CMakeFiles/CMakeTmp/src.cxx:3:6: warning: unused variable ‘x’ [-Wunused-variable]
 char x;
      ^
/home/ferdy/lststools/dune/source/CMakeFiles/CMakeTmp/src.cxx:5:6: warning: unused variable ‘xxx’ [-Wunused-variable]
 char xxx;
      ^~~
CMakeFiles/cmTC_9dc31.dir/build.make:65: recipe for target 'CMakeFiles/cmTC_9dc31.dir/src.cxx.o' failed
make[1]: *** [CMakeFiles/cmTC_9dc31.dir/src.cxx.o] Error 1
make[1]: Leaving directory '/home/ferdy/lststools/dune/source/CMakeFiles/CMakeTmp'
Makefile:126: recipe for target 'cmTC_9dc31/fast' failed
make: *** [cmTC_9dc31/fast] Error 2

Source file was:

int main(void) {
char x;
size_t xx;
char xxx;
size_t xxxx;

 errno_t rv = strncpy_s(&x, xx, &xxx, xxxx);
return 0;
}

Performing C++ SOURCE FILE Test DUNE_SYS_HAS_VSNPRINTF_S failed with the following output:
Change Dir: /home/ferdy/lststools/dune/source/CMakeFiles/CMakeTmp

Run Build Command:"/usr/bin/make" "cmTC_94f22/fast"
/usr/bin/make -f CMakeFiles/cmTC_94f22.dir/build.make CMakeFiles/cmTC_94f22.dir/build
make[1]: Entering directory '/home/ferdy/lststools/dune/source/CMakeFiles/CMakeTmp'
Building CXX object CMakeFiles/cmTC_94f22.dir/src.cxx.o
/usr/bin/c++    -DDUNE_SYS_HAS_VSNPRINTF_S -Wall -Wshadow -pedantic   -o CMakeFiles/cmTC_94f22.dir/src.cxx.o -c /home/ferdy/lststools/dune/source/CMakeFiles/CMakeTmp/src.cxx
/home/ferdy/lststools/dune/source/CMakeFiles/CMakeTmp/src.cxx: In function ‘int main()’:
/home/ferdy/lststools/dune/source/CMakeFiles/CMakeTmp/src.cxx:4:1: error: ‘size_t’ was not declared in this scope
 size_t xx;
 ^~~~~~
/home/ferdy/lststools/dune/source/CMakeFiles/CMakeTmp/src.cxx:5:8: error: expected ‘;’ before ‘xxx’
 size_t xxx;
        ^~~
/home/ferdy/lststools/dune/source/CMakeFiles/CMakeTmp/src.cxx:7:2: error: ‘va_list’ was not declared in this scope
  va_list xxxxx;
  ^~~~~~~
/home/ferdy/lststools/dune/source/CMakeFiles/CMakeTmp/src.cxx:9:27: error: ‘xx’ was not declared in this scope
  int rv = vsnprintf_s(&x, xx, xxx, &xxxx, xxxxx);
                           ^~
/home/ferdy/lststools/dune/source/CMakeFiles/CMakeTmp/src.cxx:9:27: note: suggested alternative: ‘x’
  int rv = vsnprintf_s(&x, xx, xxx, &xxxx, xxxxx);
                           ^~
                           x
/home/ferdy/lststools/dune/source/CMakeFiles/CMakeTmp/src.cxx:9:31: error: ‘xxx’ was not declared in this scope
  int rv = vsnprintf_s(&x, xx, xxx, &xxxx, xxxxx);
                               ^~~
/home/ferdy/lststools/dune/source/CMakeFiles/CMakeTmp/src.cxx:9:31: note: suggested alternative: ‘xxxx’
  int rv = vsnprintf_s(&x, xx, xxx, &xxxx, xxxxx);
                               ^~~
                               xxxx
/home/ferdy/lststools/dune/source/CMakeFiles/CMakeTmp/src.cxx:9:43: error: ‘xxxxx’ was not declared in this scope
  int rv = vsnprintf_s(&x, xx, xxx, &xxxx, xxxxx);
                                           ^~~~~
/home/ferdy/lststools/dune/source/CMakeFiles/CMakeTmp/src.cxx:9:43: note: suggested alternative: ‘xxxx’
  int rv = vsnprintf_s(&x, xx, xxx, &xxxx, xxxxx);
                                           ^~~~~
                                           xxxx
/home/ferdy/lststools/dune/source/CMakeFiles/CMakeTmp/src.cxx:9:11: error: ‘vsnprintf_s’ was not declared in this scope
  int rv = vsnprintf_s(&x, xx, xxx, &xxxx, xxxxx);
           ^~~~~~~~~~~
/home/ferdy/lststools/dune/source/CMakeFiles/CMakeTmp/src.cxx:9:6: warning: unused variable ‘rv’ [-Wunused-variable]
  int rv = vsnprintf_s(&x, xx, xxx, &xxxx, xxxxx);
      ^~
CMakeFiles/cmTC_94f22.dir/build.make:65: recipe for target 'CMakeFiles/cmTC_94f22.dir/src.cxx.o' failed
make[1]: *** [CMakeFiles/cmTC_94f22.dir/src.cxx.o] Error 1
make[1]: Leaving directory '/home/ferdy/lststools/dune/source/CMakeFiles/CMakeTmp'
Makefile:126: recipe for target 'cmTC_94f22/fast' failed
make: *** [cmTC_94f22/fast] Error 2

Source file was:

int main(void) {
char x;
size_t xx;
size_t xxx;
char xxxx;
 va_list xxxxx;

 int rv = vsnprintf_s(&x, xx, xxx, &xxxx, xxxxx);
return 0;
}

Performing C++ SOURCE FILE Test DUNE_SYS_HAS_CLOSESOCKET failed with the following output:
Change Dir: /home/ferdy/lststools/dune/source/CMakeFiles/CMakeTmp

Run Build Command:"/usr/bin/make" "cmTC_6dcba/fast"
/usr/bin/make -f CMakeFiles/cmTC_6dcba.dir/build.make CMakeFiles/cmTC_6dcba.dir/build
make[1]: Entering directory '/home/ferdy/lststools/dune/source/CMakeFiles/CMakeTmp'
Building CXX object CMakeFiles/cmTC_6dcba.dir/src.cxx.o
/usr/bin/c++    -DDUNE_SYS_HAS_CLOSESOCKET -Wall -Wshadow -pedantic   -o CMakeFiles/cmTC_6dcba.dir/src.cxx.o -c /home/ferdy/lststools/dune/source/CMakeFiles/CMakeTmp/src.cxx
/home/ferdy/lststools/dune/source/CMakeFiles/CMakeTmp/src.cxx: In function ‘int main()’:
/home/ferdy/lststools/dune/source/CMakeFiles/CMakeTmp/src.cxx:3:1: error: ‘SOCKET’ was not declared in this scope
 SOCKET x;
 ^~~~~~
/home/ferdy/lststools/dune/source/CMakeFiles/CMakeTmp/src.cxx:5:23: error: ‘x’ was not declared in this scope
  int rv = closesocket(x);
                       ^
/home/ferdy/lststools/dune/source/CMakeFiles/CMakeTmp/src.cxx:5:11: error: ‘closesocket’ was not declared in this scope
  int rv = closesocket(x);
           ^~~~~~~~~~~
/home/ferdy/lststools/dune/source/CMakeFiles/CMakeTmp/src.cxx:5:6: warning: unused variable ‘rv’ [-Wunused-variable]
  int rv = closesocket(x);
      ^~
CMakeFiles/cmTC_6dcba.dir/build.make:65: recipe for target 'CMakeFiles/cmTC_6dcba.dir/src.cxx.o' failed
make[1]: *** [CMakeFiles/cmTC_6dcba.dir/src.cxx.o] Error 1
make[1]: Leaving directory '/home/ferdy/lststools/dune/source/CMakeFiles/CMakeTmp'
Makefile:126: recipe for target 'cmTC_6dcba/fast' failed
make: *** [cmTC_6dcba/fast] Error 2

Source file was:

int main(void) {
SOCKET x;

 int rv = closesocket(x);
return 0;
}

Performing C++ SOURCE FILE Test DUNE_SYS_HAS_PTHREAD_WIN32_PROCESS_ATTACH_NP failed with the following output:
Change Dir: /home/ferdy/lststools/dune/source/CMakeFiles/CMakeTmp

Run Build Command:"/usr/bin/make" "cmTC_948a3/fast"
/usr/bin/make -f CMakeFiles/cmTC_948a3.dir/build.make CMakeFiles/cmTC_948a3.dir/build
make[1]: Entering directory '/home/ferdy/lststools/dune/source/CMakeFiles/CMakeTmp'
Building CXX object CMakeFiles/cmTC_948a3.dir/src.cxx.o
/usr/bin/c++    -DDUNE_SYS_HAS_PTHREAD_WIN32_PROCESS_ATTACH_NP -Wall -Wshadow -pedantic   -o CMakeFiles/cmTC_948a3.dir/src.cxx.o -c /home/ferdy/lststools/dune/source/CMakeFiles/CMakeTmp/src.cxx
/home/ferdy/lststools/dune/source/CMakeFiles/CMakeTmp/src.cxx: In function ‘int main()’:
/home/ferdy/lststools/dune/source/CMakeFiles/CMakeTmp/src.cxx:5:11: error: ‘pthread_win32_process_attach_np’ was not declared in this scope
  int rv = pthread_win32_process_attach_np();
           ^~~~~~~~~~~~~~~~~~~~~~~~~~~~~~~
/home/ferdy/lststools/dune/source/CMakeFiles/CMakeTmp/src.cxx:5:6: warning: unused variable ‘rv’ [-Wunused-variable]
  int rv = pthread_win32_process_attach_np();
      ^~
CMakeFiles/cmTC_948a3.dir/build.make:65: recipe for target 'CMakeFiles/cmTC_948a3.dir/src.cxx.o' failed
make[1]: *** [CMakeFiles/cmTC_948a3.dir/src.cxx.o] Error 1
make[1]: Leaving directory '/home/ferdy/lststools/dune/source/CMakeFiles/CMakeTmp'
Makefile:126: recipe for target 'cmTC_948a3/fast' failed
make: *** [cmTC_948a3/fast] Error 2

Source file was:
#include <pthread.h>

int main(void) {

 int rv = pthread_win32_process_attach_np();
return 0;
}

Performing C++ SOURCE FILE Test DUNE_SYS_HAS__GETCWD failed with the following output:
Change Dir: /home/ferdy/lststools/dune/source/CMakeFiles/CMakeTmp

Run Build Command:"/usr/bin/make" "cmTC_fd48b/fast"
/usr/bin/make -f CMakeFiles/cmTC_fd48b.dir/build.make CMakeFiles/cmTC_fd48b.dir/build
make[1]: Entering directory '/home/ferdy/lststools/dune/source/CMakeFiles/CMakeTmp'
Building CXX object CMakeFiles/cmTC_fd48b.dir/src.cxx.o
/usr/bin/c++    -DDUNE_SYS_HAS__GETCWD -Wall -Wshadow -pedantic   -o CMakeFiles/cmTC_fd48b.dir/src.cxx.o -c /home/ferdy/lststools/dune/source/CMakeFiles/CMakeTmp/src.cxx
/home/ferdy/lststools/dune/source/CMakeFiles/CMakeTmp/src.cxx: In function ‘int main()’:
/home/ferdy/lststools/dune/source/CMakeFiles/CMakeTmp/src.cxx:6:13: error: ‘_getcwd’ was not declared in this scope
  char* rv = _getcwd(&x, xx);
             ^~~~~~~
/home/ferdy/lststools/dune/source/CMakeFiles/CMakeTmp/src.cxx:6:8: warning: unused variable ‘rv’ [-Wunused-variable]
  char* rv = _getcwd(&x, xx);
        ^~
CMakeFiles/cmTC_fd48b.dir/build.make:65: recipe for target 'CMakeFiles/cmTC_fd48b.dir/src.cxx.o' failed
make[1]: *** [CMakeFiles/cmTC_fd48b.dir/src.cxx.o] Error 1
make[1]: Leaving directory '/home/ferdy/lststools/dune/source/CMakeFiles/CMakeTmp'
Makefile:126: recipe for target 'cmTC_fd48b/fast' failed
make: *** [cmTC_fd48b/fast] Error 2

Source file was:

int main(void) {
char x;
int xx;

 char* rv = _getcwd(&x, xx);
return 0;
}

Performing C++ SOURCE FILE Test DUNE_SYS_HAS_FORMAT_MESSAGE failed with the following output:
Change Dir: /home/ferdy/lststools/dune/source/CMakeFiles/CMakeTmp

Run Build Command:"/usr/bin/make" "cmTC_803e1/fast"
/usr/bin/make -f CMakeFiles/cmTC_803e1.dir/build.make CMakeFiles/cmTC_803e1.dir/build
make[1]: Entering directory '/home/ferdy/lststools/dune/source/CMakeFiles/CMakeTmp'
Building CXX object CMakeFiles/cmTC_803e1.dir/src.cxx.o
/usr/bin/c++    -DDUNE_SYS_HAS_FORMAT_MESSAGE -Wall -Wshadow -pedantic   -o CMakeFiles/cmTC_803e1.dir/src.cxx.o -c /home/ferdy/lststools/dune/source/CMakeFiles/CMakeTmp/src.cxx
/home/ferdy/lststools/dune/source/CMakeFiles/CMakeTmp/src.cxx: In function ‘int main()’:
/home/ferdy/lststools/dune/source/CMakeFiles/CMakeTmp/src.cxx:3:1: error: ‘DWORD’ was not declared in this scope
 DWORD x;
 ^~~~~
/home/ferdy/lststools/dune/source/CMakeFiles/CMakeTmp/src.cxx:5:7: error: expected ‘;’ before ‘xxx’
 DWORD xxx;
       ^~~
/home/ferdy/lststools/dune/source/CMakeFiles/CMakeTmp/src.cxx:6:7: error: expected ‘;’ before ‘xxxx’
 DWORD xxxx;
       ^~~~
/home/ferdy/lststools/dune/source/CMakeFiles/CMakeTmp/src.cxx:8:7: error: expected ‘;’ before ‘xxxxxx’
 DWORD xxxxxx;
       ^~~~~~
/home/ferdy/lststools/dune/source/CMakeFiles/CMakeTmp/src.cxx:9:1: error: ‘va_list’ was not declared in this scope
 va_list xxxxxxx;
 ^~~~~~~
/home/ferdy/lststools/dune/source/CMakeFiles/CMakeTmp/src.cxx:11:8: error: expected ‘;’ before ‘rv’
  DWORD rv = FormatMessage(x, &xx, xxx, xxxx, &xxxxx, xxxxxx, &xxxxxxx);
        ^~
/home/ferdy/lststools/dune/source/CMakeFiles/CMakeTmp/src.cxx:4:6: warning: unused variable ‘xx’ [-Wunused-variable]
 char xx;
      ^~
/home/ferdy/lststools/dune/source/CMakeFiles/CMakeTmp/src.cxx:7:6: warning: unused variable ‘xxxxx’ [-Wunused-variable]
 char xxxxx;
      ^~~~~
CMakeFiles/cmTC_803e1.dir/build.make:65: recipe for target 'CMakeFiles/cmTC_803e1.dir/src.cxx.o' failed
make[1]: *** [CMakeFiles/cmTC_803e1.dir/src.cxx.o] Error 1
make[1]: Leaving directory '/home/ferdy/lststools/dune/source/CMakeFiles/CMakeTmp'
Makefile:126: recipe for target 'cmTC_803e1/fast' failed
make: *** [cmTC_803e1/fast] Error 2

Source file was:

int main(void) {
DWORD x;
char xx;
DWORD xxx;
DWORD xxxx;
char xxxxx;
DWORD xxxxxx;
va_list xxxxxxx;

 DWORD rv = FormatMessage(x, &xx, xxx, xxxx, &xxxxx, xxxxxx, &xxxxxxx);
return 0;
}

Performing C++ SOURCE FILE Test DUNE_SYS_HAS_GET_SYSTEM_TIME_AS_FILE_TIME failed with the following output:
Change Dir: /home/ferdy/lststools/dune/source/CMakeFiles/CMakeTmp

Run Build Command:"/usr/bin/make" "cmTC_81744/fast"
/usr/bin/make -f CMakeFiles/cmTC_81744.dir/build.make CMakeFiles/cmTC_81744.dir/build
make[1]: Entering directory '/home/ferdy/lststools/dune/source/CMakeFiles/CMakeTmp'
Building CXX object CMakeFiles/cmTC_81744.dir/src.cxx.o
/usr/bin/c++    -DDUNE_SYS_HAS_GET_SYSTEM_TIME_AS_FILE_TIME -Wall -Wshadow -pedantic   -o CMakeFiles/cmTC_81744.dir/src.cxx.o -c /home/ferdy/lststools/dune/source/CMakeFiles/CMakeTmp/src.cxx
/home/ferdy/lststools/dune/source/CMakeFiles/CMakeTmp/src.cxx: In function ‘int main()’:
/home/ferdy/lststools/dune/source/CMakeFiles/CMakeTmp/src.cxx:3:1: error: ‘FILETIME’ was not declared in this scope
 FILETIME x;
 ^~~~~~~~
/home/ferdy/lststools/dune/source/CMakeFiles/CMakeTmp/src.cxx:5:26: error: ‘x’ was not declared in this scope
 GetSystemTimeAsFileTime(&x);
                          ^
/home/ferdy/lststools/dune/source/CMakeFiles/CMakeTmp/src.cxx:5:1: error: ‘GetSystemTimeAsFileTime’ was not declared in this scope
 GetSystemTimeAsFileTime(&x);
 ^~~~~~~~~~~~~~~~~~~~~~~
CMakeFiles/cmTC_81744.dir/build.make:65: recipe for target 'CMakeFiles/cmTC_81744.dir/src.cxx.o' failed
make[1]: *** [CMakeFiles/cmTC_81744.dir/src.cxx.o] Error 1
make[1]: Leaving directory '/home/ferdy/lststools/dune/source/CMakeFiles/CMakeTmp'
Makefile:126: recipe for target 'cmTC_81744/fast' failed
make: *** [cmTC_81744/fast] Error 2

Source file was:

int main(void) {
FILETIME x;

GetSystemTimeAsFileTime(&x);
return 0;
}

Performing C++ SOURCE FILE Test DUNE_SYS_HAS_QUERY_PERFORMANCE_COUNTER failed with the following output:
Change Dir: /home/ferdy/lststools/dune/source/CMakeFiles/CMakeTmp

Run Build Command:"/usr/bin/make" "cmTC_7af14/fast"
/usr/bin/make -f CMakeFiles/cmTC_7af14.dir/build.make CMakeFiles/cmTC_7af14.dir/build
make[1]: Entering directory '/home/ferdy/lststools/dune/source/CMakeFiles/CMakeTmp'
Building CXX object CMakeFiles/cmTC_7af14.dir/src.cxx.o
/usr/bin/c++    -DDUNE_SYS_HAS_QUERY_PERFORMANCE_COUNTER -Wall -Wshadow -pedantic   -o CMakeFiles/cmTC_7af14.dir/src.cxx.o -c /home/ferdy/lststools/dune/source/CMakeFiles/CMakeTmp/src.cxx
/home/ferdy/lststools/dune/source/CMakeFiles/CMakeTmp/src.cxx: In function ‘int main()’:
/home/ferdy/lststools/dune/source/CMakeFiles/CMakeTmp/src.cxx:3:1: error: ‘LARGE_INTEGER’ was not declared in this scope
 LARGE_INTEGER x;
 ^~~~~~~~~~~~~
/home/ferdy/lststools/dune/source/CMakeFiles/CMakeTmp/src.cxx:5:37: error: ‘x’ was not declared in this scope
  bool rv = QueryPerformanceCounter(&x);
                                     ^
/home/ferdy/lststools/dune/source/CMakeFiles/CMakeTmp/src.cxx:5:12: error: ‘QueryPerformanceCounter’ was not declared in this scope
  bool rv = QueryPerformanceCounter(&x);
            ^~~~~~~~~~~~~~~~~~~~~~~
/home/ferdy/lststools/dune/source/CMakeFiles/CMakeTmp/src.cxx:5:7: warning: unused variable ‘rv’ [-Wunused-variable]
  bool rv = QueryPerformanceCounter(&x);
       ^~
CMakeFiles/cmTC_7af14.dir/build.make:65: recipe for target 'CMakeFiles/cmTC_7af14.dir/src.cxx.o' failed
make[1]: *** [CMakeFiles/cmTC_7af14.dir/src.cxx.o] Error 1
make[1]: Leaving directory '/home/ferdy/lststools/dune/source/CMakeFiles/CMakeTmp'
Makefile:126: recipe for target 'cmTC_7af14/fast' failed
make: *** [cmTC_7af14/fast] Error 2

Source file was:

int main(void) {
LARGE_INTEGER x;

 bool rv = QueryPerformanceCounter(&x);
return 0;
}

Performing C++ SOURCE FILE Test DUNE_SYS_HAS_GET_LAST_ERROR failed with the following output:
Change Dir: /home/ferdy/lststools/dune/source/CMakeFiles/CMakeTmp

Run Build Command:"/usr/bin/make" "cmTC_5e0bb/fast"
/usr/bin/make -f CMakeFiles/cmTC_5e0bb.dir/build.make CMakeFiles/cmTC_5e0bb.dir/build
make[1]: Entering directory '/home/ferdy/lststools/dune/source/CMakeFiles/CMakeTmp'
Building CXX object CMakeFiles/cmTC_5e0bb.dir/src.cxx.o
/usr/bin/c++    -DDUNE_SYS_HAS_GET_LAST_ERROR -Wall -Wshadow -pedantic   -o CMakeFiles/cmTC_5e0bb.dir/src.cxx.o -c /home/ferdy/lststools/dune/source/CMakeFiles/CMakeTmp/src.cxx
/home/ferdy/lststools/dune/source/CMakeFiles/CMakeTmp/src.cxx: In function ‘int main()’:
/home/ferdy/lststools/dune/source/CMakeFiles/CMakeTmp/src.cxx:4:2: error: ‘DWORD’ was not declared in this scope
  DWORD rv = GetLastError();
  ^~~~~
CMakeFiles/cmTC_5e0bb.dir/build.make:65: recipe for target 'CMakeFiles/cmTC_5e0bb.dir/src.cxx.o' failed
make[1]: *** [CMakeFiles/cmTC_5e0bb.dir/src.cxx.o] Error 1
make[1]: Leaving directory '/home/ferdy/lststools/dune/source/CMakeFiles/CMakeTmp'
Makefile:126: recipe for target 'cmTC_5e0bb/fast' failed
make: *** [cmTC_5e0bb/fast] Error 2

Source file was:

int main(void) {

 DWORD rv = GetLastError();
return 0;
}

Performing C++ SOURCE FILE Test DUNE_SYS_HAS_CREATE_WAITABLE_TIMER failed with the following output:
Change Dir: /home/ferdy/lststools/dune/source/CMakeFiles/CMakeTmp

Run Build Command:"/usr/bin/make" "cmTC_53ffe/fast"
/usr/bin/make -f CMakeFiles/cmTC_53ffe.dir/build.make CMakeFiles/cmTC_53ffe.dir/build
make[1]: Entering directory '/home/ferdy/lststools/dune/source/CMakeFiles/CMakeTmp'
Building CXX object CMakeFiles/cmTC_53ffe.dir/src.cxx.o
/usr/bin/c++    -DDUNE_SYS_HAS_CREATE_WAITABLE_TIMER -Wall -Wshadow -pedantic   -o CMakeFiles/cmTC_53ffe.dir/src.cxx.o -c /home/ferdy/lststools/dune/source/CMakeFiles/CMakeTmp/src.cxx
/home/ferdy/lststools/dune/source/CMakeFiles/CMakeTmp/src.cxx: In function ‘int main()’:
/home/ferdy/lststools/dune/source/CMakeFiles/CMakeTmp/src.cxx:3:1: error: ‘SECURITY_ATTRIBUTES’ was not declared in this scope
 SECURITY_ATTRIBUTES x;
 ^~~~~~~~~~~~~~~~~~~
/home/ferdy/lststools/dune/source/CMakeFiles/CMakeTmp/src.cxx:4:1: error: ‘BOOL’ was not declared in this scope
 BOOL xx;
 ^~~~
/home/ferdy/lststools/dune/source/CMakeFiles/CMakeTmp/src.cxx:7:2: error: ‘HANDLE’ was not declared in this scope
  HANDLE rv = CreateWaitableTimer(&x, xx, &xxx);
  ^~~~~~
/home/ferdy/lststools/dune/source/CMakeFiles/CMakeTmp/src.cxx:5:6: warning: unused variable ‘xxx’ [-Wunused-variable]
 char xxx;
      ^~~
CMakeFiles/cmTC_53ffe.dir/build.make:65: recipe for target 'CMakeFiles/cmTC_53ffe.dir/src.cxx.o' failed
make[1]: *** [CMakeFiles/cmTC_53ffe.dir/src.cxx.o] Error 1
make[1]: Leaving directory '/home/ferdy/lststools/dune/source/CMakeFiles/CMakeTmp'
Makefile:126: recipe for target 'cmTC_53ffe/fast' failed
make: *** [cmTC_53ffe/fast] Error 2

Source file was:

int main(void) {
SECURITY_ATTRIBUTES x;
BOOL xx;
char xxx;

 HANDLE rv = CreateWaitableTimer(&x, xx, &xxx);
return 0;
}

Performing C++ SOURCE FILE Test DUNE_SYS_HAS_GET_MODULE_FILE_NAME failed with the following output:
Change Dir: /home/ferdy/lststools/dune/source/CMakeFiles/CMakeTmp

Run Build Command:"/usr/bin/make" "cmTC_d2634/fast"
/usr/bin/make -f CMakeFiles/cmTC_d2634.dir/build.make CMakeFiles/cmTC_d2634.dir/build
make[1]: Entering directory '/home/ferdy/lststools/dune/source/CMakeFiles/CMakeTmp'
Building CXX object CMakeFiles/cmTC_d2634.dir/src.cxx.o
/usr/bin/c++    -DDUNE_SYS_HAS_GET_MODULE_FILE_NAME -Wall -Wshadow -pedantic   -o CMakeFiles/cmTC_d2634.dir/src.cxx.o -c /home/ferdy/lststools/dune/source/CMakeFiles/CMakeTmp/src.cxx
/home/ferdy/lststools/dune/source/CMakeFiles/CMakeTmp/src.cxx: In function ‘int main()’:
/home/ferdy/lststools/dune/source/CMakeFiles/CMakeTmp/src.cxx:3:1: error: ‘HMODULE’ was not declared in this scope
 HMODULE x;
 ^~~~~~~
/home/ferdy/lststools/dune/source/CMakeFiles/CMakeTmp/src.cxx:4:1: error: ‘LPSTR’ was not declared in this scope
 LPSTR xx;
 ^~~~~
/home/ferdy/lststools/dune/source/CMakeFiles/CMakeTmp/src.cxx:5:1: error: ‘DWORD’ was not declared in this scope
 DWORD xxx;
 ^~~~~
/home/ferdy/lststools/dune/source/CMakeFiles/CMakeTmp/src.cxx:7:8: error: expected ‘;’ before ‘rv’
  DWORD rv = GetModuleFileName(x, xx, xxx);
        ^~
CMakeFiles/cmTC_d2634.dir/build.make:65: recipe for target 'CMakeFiles/cmTC_d2634.dir/src.cxx.o' failed
make[1]: *** [CMakeFiles/cmTC_d2634.dir/src.cxx.o] Error 1
make[1]: Leaving directory '/home/ferdy/lststools/dune/source/CMakeFiles/CMakeTmp'
Makefile:126: recipe for target 'cmTC_d2634/fast' failed
make: *** [cmTC_d2634/fast] Error 2

Source file was:

int main(void) {
HMODULE x;
LPSTR xx;
DWORD xxx;

 DWORD rv = GetModuleFileName(x, xx, xxx);
return 0;
}

Performing C++ SOURCE FILE Test DUNE_SYS_HAS_LOAD_LIBRARY failed with the following output:
Change Dir: /home/ferdy/lststools/dune/source/CMakeFiles/CMakeTmp

Run Build Command:"/usr/bin/make" "cmTC_0e169/fast"
/usr/bin/make -f CMakeFiles/cmTC_0e169.dir/build.make CMakeFiles/cmTC_0e169.dir/build
make[1]: Entering directory '/home/ferdy/lststools/dune/source/CMakeFiles/CMakeTmp'
Building CXX object CMakeFiles/cmTC_0e169.dir/src.cxx.o
/usr/bin/c++    -DDUNE_SYS_HAS_LOAD_LIBRARY -Wall -Wshadow -pedantic   -o CMakeFiles/cmTC_0e169.dir/src.cxx.o -c /home/ferdy/lststools/dune/source/CMakeFiles/CMakeTmp/src.cxx
/home/ferdy/lststools/dune/source/CMakeFiles/CMakeTmp/src.cxx: In function ‘int main()’:
/home/ferdy/lststools/dune/source/CMakeFiles/CMakeTmp/src.cxx:5:2: error: ‘HMODULE’ was not declared in this scope
  HMODULE rv = LoadLibrary(&x);
  ^~~~~~~
/home/ferdy/lststools/dune/source/CMakeFiles/CMakeTmp/src.cxx:3:6: warning: unused variable ‘x’ [-Wunused-variable]
 char x;
      ^
CMakeFiles/cmTC_0e169.dir/build.make:65: recipe for target 'CMakeFiles/cmTC_0e169.dir/src.cxx.o' failed
make[1]: *** [CMakeFiles/cmTC_0e169.dir/src.cxx.o] Error 1
make[1]: Leaving directory '/home/ferdy/lststools/dune/source/CMakeFiles/CMakeTmp'
Makefile:126: recipe for target 'cmTC_0e169/fast' failed
make: *** [cmTC_0e169/fast] Error 2

Source file was:

int main(void) {
char x;

 HMODULE rv = LoadLibrary(&x);
return 0;
}

Performing C++ SOURCE FILE Test DUNE_SYS_HAS_TLS_ALLOC failed with the following output:
Change Dir: /home/ferdy/lststools/dune/source/CMakeFiles/CMakeTmp

Run Build Command:"/usr/bin/make" "cmTC_c7b15/fast"
/usr/bin/make -f CMakeFiles/cmTC_c7b15.dir/build.make CMakeFiles/cmTC_c7b15.dir/build
make[1]: Entering directory '/home/ferdy/lststools/dune/source/CMakeFiles/CMakeTmp'
Building CXX object CMakeFiles/cmTC_c7b15.dir/src.cxx.o
/usr/bin/c++    -DDUNE_SYS_HAS_TLS_ALLOC -Wall -Wshadow -pedantic   -o CMakeFiles/cmTC_c7b15.dir/src.cxx.o -c /home/ferdy/lststools/dune/source/CMakeFiles/CMakeTmp/src.cxx
/home/ferdy/lststools/dune/source/CMakeFiles/CMakeTmp/src.cxx: In function ‘int main()’:
/home/ferdy/lststools/dune/source/CMakeFiles/CMakeTmp/src.cxx:4:2: error: ‘DWORD’ was not declared in this scope
  DWORD rv = TlsAlloc();
  ^~~~~
CMakeFiles/cmTC_c7b15.dir/build.make:65: recipe for target 'CMakeFiles/cmTC_c7b15.dir/src.cxx.o' failed
make[1]: *** [CMakeFiles/cmTC_c7b15.dir/src.cxx.o] Error 1
make[1]: Leaving directory '/home/ferdy/lststools/dune/source/CMakeFiles/CMakeTmp'
Makefile:126: recipe for target 'cmTC_c7b15/fast' failed
make: *** [cmTC_c7b15/fast] Error 2

Source file was:

int main(void) {

 DWORD rv = TlsAlloc();
return 0;
}

Performing C++ SOURCE FILE Test DUNE_SYS_HAS_CREATE_DIRECTORY failed with the following output:
Change Dir: /home/ferdy/lststools/dune/source/CMakeFiles/CMakeTmp

Run Build Command:"/usr/bin/make" "cmTC_1c593/fast"
/usr/bin/make -f CMakeFiles/cmTC_1c593.dir/build.make CMakeFiles/cmTC_1c593.dir/build
make[1]: Entering directory '/home/ferdy/lststools/dune/source/CMakeFiles/CMakeTmp'
Building CXX object CMakeFiles/cmTC_1c593.dir/src.cxx.o
/usr/bin/c++    -DDUNE_SYS_HAS_CREATE_DIRECTORY -Wall -Wshadow -pedantic   -o CMakeFiles/cmTC_1c593.dir/src.cxx.o -c /home/ferdy/lststools/dune/source/CMakeFiles/CMakeTmp/src.cxx
/home/ferdy/lststools/dune/source/CMakeFiles/CMakeTmp/src.cxx: In function ‘int main()’:
/home/ferdy/lststools/dune/source/CMakeFiles/CMakeTmp/src.cxx:3:1: error: ‘LPCTSTR’ was not declared in this scope
 LPCTSTR x;
 ^~~~~~~
/home/ferdy/lststools/dune/source/CMakeFiles/CMakeTmp/src.cxx:4:1: error: ‘LPSECURITY_ATTRIBUTES’ was not declared in this scope
 LPSECURITY_ATTRIBUTES xx;
 ^~~~~~~~~~~~~~~~~~~~~
/home/ferdy/lststools/dune/source/CMakeFiles/CMakeTmp/src.cxx:6:2: error: ‘BOOL’ was not declared in this scope
  BOOL rv = CreateDirectory(x, xx);
  ^~~~
CMakeFiles/cmTC_1c593.dir/build.make:65: recipe for target 'CMakeFiles/cmTC_1c593.dir/src.cxx.o' failed
make[1]: *** [CMakeFiles/cmTC_1c593.dir/src.cxx.o] Error 1
make[1]: Leaving directory '/home/ferdy/lststools/dune/source/CMakeFiles/CMakeTmp'
Makefile:126: recipe for target 'cmTC_1c593/fast' failed
make: *** [cmTC_1c593/fast] Error 2

Source file was:

int main(void) {
LPCTSTR x;
LPSECURITY_ATTRIBUTES xx;

 BOOL rv = CreateDirectory(x, xx);
return 0;
}

Performing C++ SOURCE FILE Test DUNE_SYS_HAS_WSA_STARTUP failed with the following output:
Change Dir: /home/ferdy/lststools/dune/source/CMakeFiles/CMakeTmp

Run Build Command:"/usr/bin/make" "cmTC_6fa3c/fast"
/usr/bin/make -f CMakeFiles/cmTC_6fa3c.dir/build.make CMakeFiles/cmTC_6fa3c.dir/build
make[1]: Entering directory '/home/ferdy/lststools/dune/source/CMakeFiles/CMakeTmp'
Building CXX object CMakeFiles/cmTC_6fa3c.dir/src.cxx.o
/usr/bin/c++    -DDUNE_SYS_HAS_WSA_STARTUP -Wall -Wshadow -pedantic   -o CMakeFiles/cmTC_6fa3c.dir/src.cxx.o -c /home/ferdy/lststools/dune/source/CMakeFiles/CMakeTmp/src.cxx
/home/ferdy/lststools/dune/source/CMakeFiles/CMakeTmp/src.cxx: In function ‘int main()’:
/home/ferdy/lststools/dune/source/CMakeFiles/CMakeTmp/src.cxx:3:1: error: ‘WORD’ was not declared in this scope
 WORD x;
 ^~~~
/home/ferdy/lststools/dune/source/CMakeFiles/CMakeTmp/src.cxx:4:1: error: ‘WSADATA’ was not declared in this scope
 WSADATA xx;
 ^~~~~~~
/home/ferdy/lststools/dune/source/CMakeFiles/CMakeTmp/src.cxx:6:22: error: ‘x’ was not declared in this scope
  int rv = WSAStartup(x, &xx);
                      ^
/home/ferdy/lststools/dune/source/CMakeFiles/CMakeTmp/src.cxx:6:26: error: ‘xx’ was not declared in this scope
  int rv = WSAStartup(x, &xx);
                          ^~
/home/ferdy/lststools/dune/source/CMakeFiles/CMakeTmp/src.cxx:6:11: error: ‘WSAStartup’ was not declared in this scope
  int rv = WSAStartup(x, &xx);
           ^~~~~~~~~~
/home/ferdy/lststools/dune/source/CMakeFiles/CMakeTmp/src.cxx:6:6: warning: unused variable ‘rv’ [-Wunused-variable]
  int rv = WSAStartup(x, &xx);
      ^~
CMakeFiles/cmTC_6fa3c.dir/build.make:65: recipe for target 'CMakeFiles/cmTC_6fa3c.dir/src.cxx.o' failed
make[1]: *** [CMakeFiles/cmTC_6fa3c.dir/src.cxx.o] Error 1
make[1]: Leaving directory '/home/ferdy/lststools/dune/source/CMakeFiles/CMakeTmp'
Makefile:126: recipe for target 'cmTC_6fa3c/fast' failed
make: *** [cmTC_6fa3c/fast] Error 2

Source file was:

int main(void) {
WORD x;
WSADATA xx;

 int rv = WSAStartup(x, &xx);
return 0;
}

Performing C++ SOURCE FILE Test DUNE_SYS_HAS_WSA_CLEANUP failed with the following output:
Change Dir: /home/ferdy/lststools/dune/source/CMakeFiles/CMakeTmp

Run Build Command:"/usr/bin/make" "cmTC_dbb88/fast"
/usr/bin/make -f CMakeFiles/cmTC_dbb88.dir/build.make CMakeFiles/cmTC_dbb88.dir/build
make[1]: Entering directory '/home/ferdy/lststools/dune/source/CMakeFiles/CMakeTmp'
Building CXX object CMakeFiles/cmTC_dbb88.dir/src.cxx.o
/usr/bin/c++    -DDUNE_SYS_HAS_WSA_CLEANUP -Wall -Wshadow -pedantic   -o CMakeFiles/cmTC_dbb88.dir/src.cxx.o -c /home/ferdy/lststools/dune/source/CMakeFiles/CMakeTmp/src.cxx
/home/ferdy/lststools/dune/source/CMakeFiles/CMakeTmp/src.cxx: In function ‘int main()’:
/home/ferdy/lststools/dune/source/CMakeFiles/CMakeTmp/src.cxx:4:11: error: ‘WSACleanup’ was not declared in this scope
  int rv = WSACleanup();
           ^~~~~~~~~~
/home/ferdy/lststools/dune/source/CMakeFiles/CMakeTmp/src.cxx:4:6: warning: unused variable ‘rv’ [-Wunused-variable]
  int rv = WSACleanup();
      ^~
CMakeFiles/cmTC_dbb88.dir/build.make:65: recipe for target 'CMakeFiles/cmTC_dbb88.dir/src.cxx.o' failed
make[1]: *** [CMakeFiles/cmTC_dbb88.dir/src.cxx.o] Error 1
make[1]: Leaving directory '/home/ferdy/lststools/dune/source/CMakeFiles/CMakeTmp'
Makefile:126: recipe for target 'cmTC_dbb88/fast' failed
make: *** [cmTC_dbb88/fast] Error 2

Source file was:

int main(void) {

 int rv = WSACleanup();
return 0;
}

Performing C++ SOURCE FILE Test DUNE_SYS_HAS_WSA_STRING_TO_ADDRESS failed with the following output:
Change Dir: /home/ferdy/lststools/dune/source/CMakeFiles/CMakeTmp

Run Build Command:"/usr/bin/make" "cmTC_55e80/fast"
/usr/bin/make -f CMakeFiles/cmTC_55e80.dir/build.make CMakeFiles/cmTC_55e80.dir/build
make[1]: Entering directory '/home/ferdy/lststools/dune/source/CMakeFiles/CMakeTmp'
Building CXX object CMakeFiles/cmTC_55e80.dir/src.cxx.o
/usr/bin/c++    -DDUNE_SYS_HAS_WSA_STRING_TO_ADDRESS -Wall -Wshadow -pedantic   -o CMakeFiles/cmTC_55e80.dir/src.cxx.o -c /home/ferdy/lststools/dune/source/CMakeFiles/CMakeTmp/src.cxx
/home/ferdy/lststools/dune/source/CMakeFiles/CMakeTmp/src.cxx: In function ‘int main()’:
/home/ferdy/lststools/dune/source/CMakeFiles/CMakeTmp/src.cxx:5:1: error: ‘WSAPROTOCOL_INFO’ was not declared in this scope
 WSAPROTOCOL_INFO xxx;
 ^~~~~~~~~~~~~~~~
/home/ferdy/lststools/dune/source/CMakeFiles/CMakeTmp/src.cxx:6:1: error: ‘SOCKADDR’ was not declared in this scope
 SOCKADDR xxxx;
 ^~~~~~~~
/home/ferdy/lststools/dune/source/CMakeFiles/CMakeTmp/src.cxx:9:39: error: ‘xxx’ was not declared in this scope
  int rv = WSAStringToAddress(&x, xx, &xxx, &xxxx, &xxxxx);
                                       ^~~
/home/ferdy/lststools/dune/source/CMakeFiles/CMakeTmp/src.cxx:9:39: note: suggested alternative: ‘xx’
  int rv = WSAStringToAddress(&x, xx, &xxx, &xxxx, &xxxxx);
                                       ^~~
                                       xx
/home/ferdy/lststools/dune/source/CMakeFiles/CMakeTmp/src.cxx:9:45: error: ‘xxxx’ was not declared in this scope
  int rv = WSAStringToAddress(&x, xx, &xxx, &xxxx, &xxxxx);
                                             ^~~~
/home/ferdy/lststools/dune/source/CMakeFiles/CMakeTmp/src.cxx:9:45: note: suggested alternative: ‘xxxxx’
  int rv = WSAStringToAddress(&x, xx, &xxx, &xxxx, &xxxxx);
                                             ^~~~
                                             xxxxx
/home/ferdy/lststools/dune/source/CMakeFiles/CMakeTmp/src.cxx:9:11: error: ‘WSAStringToAddress’ was not declared in this scope
  int rv = WSAStringToAddress(&x, xx, &xxx, &xxxx, &xxxxx);
           ^~~~~~~~~~~~~~~~~~
/home/ferdy/lststools/dune/source/CMakeFiles/CMakeTmp/src.cxx:9:6: warning: unused variable ‘rv’ [-Wunused-variable]
  int rv = WSAStringToAddress(&x, xx, &xxx, &xxxx, &xxxxx);
      ^~
CMakeFiles/cmTC_55e80.dir/build.make:65: recipe for target 'CMakeFiles/cmTC_55e80.dir/src.cxx.o' failed
make[1]: *** [CMakeFiles/cmTC_55e80.dir/src.cxx.o] Error 1
make[1]: Leaving directory '/home/ferdy/lststools/dune/source/CMakeFiles/CMakeTmp'
Makefile:126: recipe for target 'cmTC_55e80/fast' failed
make: *** [cmTC_55e80/fast] Error 2

Source file was:

int main(void) {
char x;
int xx;
WSAPROTOCOL_INFO xxx;
SOCKADDR xxxx;
int xxxxx;

 int rv = WSAStringToAddress(&x, xx, &xxx, &xxxx, &xxxxx);
return 0;
}

Performing C++ SOURCE FILE Test DUNE_SYS_HAS_WSA_IOCTL failed with the following output:
Change Dir: /home/ferdy/lststools/dune/source/CMakeFiles/CMakeTmp

Run Build Command:"/usr/bin/make" "cmTC_47539/fast"
/usr/bin/make -f CMakeFiles/cmTC_47539.dir/build.make CMakeFiles/cmTC_47539.dir/build
make[1]: Entering directory '/home/ferdy/lststools/dune/source/CMakeFiles/CMakeTmp'
Building CXX object CMakeFiles/cmTC_47539.dir/src.cxx.o
/usr/bin/c++    -DDUNE_SYS_HAS_WSA_IOCTL -Wall -Wshadow -pedantic   -o CMakeFiles/cmTC_47539.dir/src.cxx.o -c /home/ferdy/lststools/dune/source/CMakeFiles/CMakeTmp/src.cxx
/home/ferdy/lststools/dune/source/CMakeFiles/CMakeTmp/src.cxx: In function ‘int main()’:
/home/ferdy/lststools/dune/source/CMakeFiles/CMakeTmp/src.cxx:3:1: error: ‘SOCKET’ was not declared in this scope
 SOCKET x;
 ^~~~~~
/home/ferdy/lststools/dune/source/CMakeFiles/CMakeTmp/src.cxx:4:1: error: ‘DWORD’ was not declared in this scope
 DWORD xx;
 ^~~~~
/home/ferdy/lststools/dune/source/CMakeFiles/CMakeTmp/src.cxx:6:7: error: expected ‘;’ before ‘xxxx’
 DWORD xxxx;
       ^~~~
/home/ferdy/lststools/dune/source/CMakeFiles/CMakeTmp/src.cxx:8:7: error: expected ‘;’ before ‘xxxxxx’
 DWORD xxxxxx;
       ^~~~~~
/home/ferdy/lststools/dune/source/CMakeFiles/CMakeTmp/src.cxx:9:1: error: ‘LPDWORD’ was not declared in this scope
 LPDWORD xxxxxxx;
 ^~~~~~~
/home/ferdy/lststools/dune/source/CMakeFiles/CMakeTmp/src.cxx:10:1: error: ‘LPWSAOVERLAPPED’ was not declared in this scope
 LPWSAOVERLAPPED xxxxxxxx;
 ^~~~~~~~~~~~~~~
/home/ferdy/lststools/dune/source/CMakeFiles/CMakeTmp/src.cxx:11:1: error: ‘LPWSAOVERLAPPED_COMPLETION_ROUTINE’ was not declared in this scope
 LPWSAOVERLAPPED_COMPLETION_ROUTINE xxxxxxxxx;
 ^~~~~~~~~~~~~~~~~~~~~~~~~~~~~~~~~~
/home/ferdy/lststools/dune/source/CMakeFiles/CMakeTmp/src.cxx:13:20: error: ‘x’ was not declared in this scope
  int rv = WSAIoctl(x, xx, &xxx, xxxx, &xxxxx, xxxxxx, xxxxxxx, xxxxxxxx, xxxxxxxxx);
                    ^
/home/ferdy/lststools/dune/source/CMakeFiles/CMakeTmp/src.cxx:13:23: error: ‘xx’ was not declared in this scope
  int rv = WSAIoctl(x, xx, &xxx, xxxx, &xxxxx, xxxxxx, xxxxxxx, xxxxxxxx, xxxxxxxxx);
                       ^~
/home/ferdy/lststools/dune/source/CMakeFiles/CMakeTmp/src.cxx:13:23: note: suggested alternative: ‘xxx’
  int rv = WSAIoctl(x, xx, &xxx, xxxx, &xxxxx, xxxxxx, xxxxxxx, xxxxxxxx, xxxxxxxxx);
                       ^~
                       xxx
/home/ferdy/lststools/dune/source/CMakeFiles/CMakeTmp/src.cxx:13:33: error: ‘xxxx’ was not declared in this scope
  int rv = WSAIoctl(x, xx, &xxx, xxxx, &xxxxx, xxxxxx, xxxxxxx, xxxxxxxx, xxxxxxxxx);
                                 ^~~~
/home/ferdy/lststools/dune/source/CMakeFiles/CMakeTmp/src.cxx:13:33: note: suggested alternative: ‘xxxxx’
  int rv = WSAIoctl(x, xx, &xxx, xxxx, &xxxxx, xxxxxx, xxxxxxx, xxxxxxxx, xxxxxxxxx);
                                 ^~~~
                                 xxxxx
/home/ferdy/lststools/dune/source/CMakeFiles/CMakeTmp/src.cxx:13:47: error: ‘xxxxxx’ was not declared in this scope
  int rv = WSAIoctl(x, xx, &xxx, xxxx, &xxxxx, xxxxxx, xxxxxxx, xxxxxxxx, xxxxxxxxx);
                                               ^~~~~~
/home/ferdy/lststools/dune/source/CMakeFiles/CMakeTmp/src.cxx:13:47: note: suggested alternative: ‘xxxxx’
  int rv = WSAIoctl(x, xx, &xxx, xxxx, &xxxxx, xxxxxx, xxxxxxx, xxxxxxxx, xxxxxxxxx);
                                               ^~~~~~
                                               xxxxx
/home/ferdy/lststools/dune/source/CMakeFiles/CMakeTmp/src.cxx:13:55: error: ‘xxxxxxx’ was not declared in this scope
  int rv = WSAIoctl(x, xx, &xxx, xxxx, &xxxxx, xxxxxx, xxxxxxx, xxxxxxxx, xxxxxxxxx);
                                                       ^~~~~~~
/home/ferdy/lststools/dune/source/CMakeFiles/CMakeTmp/src.cxx:13:55: note: suggested alternative: ‘xxxxx’
  int rv = WSAIoctl(x, xx, &xxx, xxxx, &xxxxx, xxxxxx, xxxxxxx, xxxxxxxx, xxxxxxxxx);
                                                       ^~~~~~~
                                                       xxxxx
/home/ferdy/lststools/dune/source/CMakeFiles/CMakeTmp/src.cxx:13:64: error: ‘xxxxxxxx’ was not declared in this scope
  int rv = WSAIoctl(x, xx, &xxx, xxxx, &xxxxx, xxxxxx, xxxxxxx, xxxxxxxx, xxxxxxxxx);
                                                                ^~~~~~~~
/home/ferdy/lststools/dune/source/CMakeFiles/CMakeTmp/src.cxx:13:64: note: suggested alternative: ‘xxxxx’
  int rv = WSAIoctl(x, xx, &xxx, xxxx, &xxxxx, xxxxxx, xxxxxxx, xxxxxxxx, xxxxxxxxx);
                                                                ^~~~~~~~
                                                                xxxxx
/home/ferdy/lststools/dune/source/CMakeFiles/CMakeTmp/src.cxx:13:74: error: ‘xxxxxxxxx’ was not declared in this scope
  int rv = WSAIoctl(x, xx, &xxx, xxxx, &xxxxx, xxxxxx, xxxxxxx, xxxxxxxx, xxxxxxxxx);
                                                                          ^~~~~~~~~
/home/ferdy/lststools/dune/source/CMakeFiles/CMakeTmp/src.cxx:13:74: note: suggested alternative: ‘xxxxx’
  int rv = WSAIoctl(x, xx, &xxx, xxxx, &xxxxx, xxxxxx, xxxxxxx, xxxxxxxx, xxxxxxxxx);
                                                                          ^~~~~~~~~
                                                                          xxxxx
/home/ferdy/lststools/dune/source/CMakeFiles/CMakeTmp/src.cxx:13:11: error: ‘WSAIoctl’ was not declared in this scope
  int rv = WSAIoctl(x, xx, &xxx, xxxx, &xxxxx, xxxxxx, xxxxxxx, xxxxxxxx, xxxxxxxxx);
           ^~~~~~~~
/home/ferdy/lststools/dune/source/CMakeFiles/CMakeTmp/src.cxx:13:6: warning: unused variable ‘rv’ [-Wunused-variable]
  int rv = WSAIoctl(x, xx, &xxx, xxxx, &xxxxx, xxxxxx, xxxxxxx, xxxxxxxx, xxxxxxxxx);
      ^~
CMakeFiles/cmTC_47539.dir/build.make:65: recipe for target 'CMakeFiles/cmTC_47539.dir/src.cxx.o' failed
make[1]: *** [CMakeFiles/cmTC_47539.dir/src.cxx.o] Error 1
make[1]: Leaving directory '/home/ferdy/lststools/dune/source/CMakeFiles/CMakeTmp'
Makefile:126: recipe for target 'cmTC_47539/fast' failed
make: *** [cmTC_47539/fast] Error 2

Source file was:

int main(void) {
SOCKET x;
DWORD xx;
char xxx;
DWORD xxxx;
char xxxxx;
DWORD xxxxxx;
LPDWORD xxxxxxx;
LPWSAOVERLAPPED xxxxxxxx;
LPWSAOVERLAPPED_COMPLETION_ROUTINE xxxxxxxxx;

 int rv = WSAIoctl(x, xx, &xxx, xxxx, &xxxxx, xxxxxx, xxxxxxx, xxxxxxxx, xxxxxxxxx);
return 0;
}

Performing C++ SOURCE FILE Test DUNE_SYS_HAS_POSIX_STRERROR_R failed with the following output:
Change Dir: /home/ferdy/lststools/dune/source/CMakeFiles/CMakeTmp

Run Build Command:"/usr/bin/make" "cmTC_e64bf/fast"
/usr/bin/make -f CMakeFiles/cmTC_e64bf.dir/build.make CMakeFiles/cmTC_e64bf.dir/build
make[1]: Entering directory '/home/ferdy/lststools/dune/source/CMakeFiles/CMakeTmp'
Building CXX object CMakeFiles/cmTC_e64bf.dir/src.cxx.o
/usr/bin/c++    -DDUNE_SYS_HAS_POSIX_STRERROR_R -Wall -Wshadow -pedantic   -o CMakeFiles/cmTC_e64bf.dir/src.cxx.o -c /home/ferdy/lststools/dune/source/CMakeFiles/CMakeTmp/src.cxx
/home/ferdy/lststools/dune/source/CMakeFiles/CMakeTmp/src.cxx: In function ‘int main()’:
/home/ferdy/lststools/dune/source/CMakeFiles/CMakeTmp/src.cxx:9:21: error: invalid conversion from ‘char*’ to ‘int’ [-fpermissive]
  int rv = strerror_r(x, &xx, xxx);
           ~~~~~~~~~~^~~~~~~~~~~~~
/home/ferdy/lststools/dune/source/CMakeFiles/CMakeTmp/src.cxx:9:6: warning: unused variable ‘rv’ [-Wunused-variable]
  int rv = strerror_r(x, &xx, xxx);
      ^~
CMakeFiles/cmTC_e64bf.dir/build.make:65: recipe for target 'CMakeFiles/cmTC_e64bf.dir/src.cxx.o' failed
make[1]: *** [CMakeFiles/cmTC_e64bf.dir/src.cxx.o] Error 1
make[1]: Leaving directory '/home/ferdy/lststools/dune/source/CMakeFiles/CMakeTmp'
Makefile:126: recipe for target 'cmTC_e64bf/fast' failed
make: *** [cmTC_e64bf/fast] Error 2

Source file was:
#include <cstring>
#include <string.h>

int main(void) {
int x;
char xx;
size_t xxx;

 int rv = strerror_r(x, &xx, xxx);
return 0;
}

Performing C++ SOURCE FILE Test DUNE_SYS_HAS_CREATE_FILE failed with the following output:
Change Dir: /home/ferdy/lststools/dune/source/CMakeFiles/CMakeTmp

Run Build Command:"/usr/bin/make" "cmTC_0aeec/fast"
/usr/bin/make -f CMakeFiles/cmTC_0aeec.dir/build.make CMakeFiles/cmTC_0aeec.dir/build
make[1]: Entering directory '/home/ferdy/lststools/dune/source/CMakeFiles/CMakeTmp'
Building CXX object CMakeFiles/cmTC_0aeec.dir/src.cxx.o
/usr/bin/c++    -DDUNE_SYS_HAS_CREATE_FILE -Wall -Wshadow -pedantic   -o CMakeFiles/cmTC_0aeec.dir/src.cxx.o -c /home/ferdy/lststools/dune/source/CMakeFiles/CMakeTmp/src.cxx
/home/ferdy/lststools/dune/source/CMakeFiles/CMakeTmp/src.cxx: In function ‘int main()’:
/home/ferdy/lststools/dune/source/CMakeFiles/CMakeTmp/src.cxx:3:1: error: ‘LPCSTR’ was not declared in this scope
 LPCSTR x;
 ^~~~~~
/home/ferdy/lststools/dune/source/CMakeFiles/CMakeTmp/src.cxx:4:1: error: ‘DWORD’ was not declared in this scope
 DWORD xx;
 ^~~~~
/home/ferdy/lststools/dune/source/CMakeFiles/CMakeTmp/src.cxx:5:7: error: expected ‘;’ before ‘xxx’
 DWORD xxx;
       ^~~
/home/ferdy/lststools/dune/source/CMakeFiles/CMakeTmp/src.cxx:6:1: error: ‘SECURITY_ATTRIBUTES’ was not declared in this scope
 SECURITY_ATTRIBUTES xxxx;
 ^~~~~~~~~~~~~~~~~~~
/home/ferdy/lststools/dune/source/CMakeFiles/CMakeTmp/src.cxx:7:7: error: expected ‘;’ before ‘xxxxx’
 DWORD xxxxx;
       ^~~~~
/home/ferdy/lststools/dune/source/CMakeFiles/CMakeTmp/src.cxx:8:7: error: expected ‘;’ before ‘xxxxxx’
 DWORD xxxxxx;
       ^~~~~~
/home/ferdy/lststools/dune/source/CMakeFiles/CMakeTmp/src.cxx:9:1: error: ‘HANDLE’ was not declared in this scope
 HANDLE xxxxxxx;
 ^~~~~~
/home/ferdy/lststools/dune/source/CMakeFiles/CMakeTmp/src.cxx:11:9: error: expected ‘;’ before ‘rv’
  HANDLE rv = CreateFile(x, xx, xxx, &xxxx, xxxxx, xxxxxx, xxxxxxx);
         ^~
CMakeFiles/cmTC_0aeec.dir/build.make:65: recipe for target 'CMakeFiles/cmTC_0aeec.dir/src.cxx.o' failed
make[1]: *** [CMakeFiles/cmTC_0aeec.dir/src.cxx.o] Error 1
make[1]: Leaving directory '/home/ferdy/lststools/dune/source/CMakeFiles/CMakeTmp'
Makefile:126: recipe for target 'cmTC_0aeec/fast' failed
make: *** [cmTC_0aeec/fast] Error 2

Source file was:

int main(void) {
LPCSTR x;
DWORD xx;
DWORD xxx;
SECURITY_ATTRIBUTES xxxx;
DWORD xxxxx;
DWORD xxxxxx;
HANDLE xxxxxxx;

 HANDLE rv = CreateFile(x, xx, xxx, &xxxx, xxxxx, xxxxxx, xxxxxxx);
return 0;
}

Performing C++ SOURCE FILE Test DUNE_SYS_HAS_READ_FILE failed with the following output:
Change Dir: /home/ferdy/lststools/dune/source/CMakeFiles/CMakeTmp

Run Build Command:"/usr/bin/make" "cmTC_71a1f/fast"
/usr/bin/make -f CMakeFiles/cmTC_71a1f.dir/build.make CMakeFiles/cmTC_71a1f.dir/build
make[1]: Entering directory '/home/ferdy/lststools/dune/source/CMakeFiles/CMakeTmp'
Building CXX object CMakeFiles/cmTC_71a1f.dir/src.cxx.o
/usr/bin/c++    -DDUNE_SYS_HAS_READ_FILE -Wall -Wshadow -pedantic   -o CMakeFiles/cmTC_71a1f.dir/src.cxx.o -c /home/ferdy/lststools/dune/source/CMakeFiles/CMakeTmp/src.cxx
/home/ferdy/lststools/dune/source/CMakeFiles/CMakeTmp/src.cxx: In function ‘int main()’:
/home/ferdy/lststools/dune/source/CMakeFiles/CMakeTmp/src.cxx:3:1: error: ‘HANDLE’ was not declared in this scope
 HANDLE x;
 ^~~~~~
/home/ferdy/lststools/dune/source/CMakeFiles/CMakeTmp/src.cxx:4:1: error: ‘LPVOID’ was not declared in this scope
 LPVOID xx;
 ^~~~~~
/home/ferdy/lststools/dune/source/CMakeFiles/CMakeTmp/src.cxx:5:1: error: ‘DWORD’ was not declared in this scope
 DWORD xxx;
 ^~~~~
/home/ferdy/lststools/dune/source/CMakeFiles/CMakeTmp/src.cxx:6:7: error: expected ‘;’ before ‘xxxx’
 DWORD xxxx;
       ^~~~
/home/ferdy/lststools/dune/source/CMakeFiles/CMakeTmp/src.cxx:7:1: error: ‘OVERLAPPED’ was not declared in this scope
 OVERLAPPED xxxxx;
 ^~~~~~~~~~
/home/ferdy/lststools/dune/source/CMakeFiles/CMakeTmp/src.cxx:9:2: error: ‘BOOL’ was not declared in this scope
  BOOL rv = ReadFile(x, xx, xxx, &xxxx, &xxxxx);
  ^~~~
CMakeFiles/cmTC_71a1f.dir/build.make:65: recipe for target 'CMakeFiles/cmTC_71a1f.dir/src.cxx.o' failed
make[1]: *** [CMakeFiles/cmTC_71a1f.dir/src.cxx.o] Error 1
make[1]: Leaving directory '/home/ferdy/lststools/dune/source/CMakeFiles/CMakeTmp'
Makefile:126: recipe for target 'cmTC_71a1f/fast' failed
make: *** [cmTC_71a1f/fast] Error 2

Source file was:

int main(void) {
HANDLE x;
LPVOID xx;
DWORD xxx;
DWORD xxxx;
OVERLAPPED xxxxx;

 BOOL rv = ReadFile(x, xx, xxx, &xxxx, &xxxxx);
return 0;
}

Performing C++ SOURCE FILE Test DUNE_SYS_HAS_WRITE_FILE failed with the following output:
Change Dir: /home/ferdy/lststools/dune/source/CMakeFiles/CMakeTmp

Run Build Command:"/usr/bin/make" "cmTC_03e98/fast"
/usr/bin/make -f CMakeFiles/cmTC_03e98.dir/build.make CMakeFiles/cmTC_03e98.dir/build
make[1]: Entering directory '/home/ferdy/lststools/dune/source/CMakeFiles/CMakeTmp'
Building CXX object CMakeFiles/cmTC_03e98.dir/src.cxx.o
/usr/bin/c++    -DDUNE_SYS_HAS_WRITE_FILE -Wall -Wshadow -pedantic   -o CMakeFiles/cmTC_03e98.dir/src.cxx.o -c /home/ferdy/lststools/dune/source/CMakeFiles/CMakeTmp/src.cxx
/home/ferdy/lststools/dune/source/CMakeFiles/CMakeTmp/src.cxx: In function ‘int main()’:
/home/ferdy/lststools/dune/source/CMakeFiles/CMakeTmp/src.cxx:3:1: error: ‘HANDLE’ was not declared in this scope
 HANDLE x;
 ^~~~~~
/home/ferdy/lststools/dune/source/CMakeFiles/CMakeTmp/src.cxx:4:1: error: ‘LPCVOID’ was not declared in this scope
 LPCVOID xx;
 ^~~~~~~
/home/ferdy/lststools/dune/source/CMakeFiles/CMakeTmp/src.cxx:5:1: error: ‘DWORD’ was not declared in this scope
 DWORD xxx;
 ^~~~~
/home/ferdy/lststools/dune/source/CMakeFiles/CMakeTmp/src.cxx:6:7: error: expected ‘;’ before ‘xxxx’
 DWORD xxxx;
       ^~~~
/home/ferdy/lststools/dune/source/CMakeFiles/CMakeTmp/src.cxx:7:1: error: ‘OVERLAPPED’ was not declared in this scope
 OVERLAPPED xxxxx;
 ^~~~~~~~~~
/home/ferdy/lststools/dune/source/CMakeFiles/CMakeTmp/src.cxx:9:2: error: ‘BOOL’ was not declared in this scope
  BOOL rv = WriteFile(x, xx, xxx, &xxxx, &xxxxx);
  ^~~~
CMakeFiles/cmTC_03e98.dir/build.make:65: recipe for target 'CMakeFiles/cmTC_03e98.dir/src.cxx.o' failed
make[1]: *** [CMakeFiles/cmTC_03e98.dir/src.cxx.o] Error 1
make[1]: Leaving directory '/home/ferdy/lststools/dune/source/CMakeFiles/CMakeTmp'
Makefile:126: recipe for target 'cmTC_03e98/fast' failed
make: *** [cmTC_03e98/fast] Error 2

Source file was:

int main(void) {
HANDLE x;
LPCVOID xx;
DWORD xxx;
DWORD xxxx;
OVERLAPPED xxxxx;

 BOOL rv = WriteFile(x, xx, xxx, &xxxx, &xxxxx);
return 0;
}

Performing C++ SOURCE FILE Test DUNE_SYS_HAS_GET_OVERLAPPED_RESULT failed with the following output:
Change Dir: /home/ferdy/lststools/dune/source/CMakeFiles/CMakeTmp

Run Build Command:"/usr/bin/make" "cmTC_57fc6/fast"
/usr/bin/make -f CMakeFiles/cmTC_57fc6.dir/build.make CMakeFiles/cmTC_57fc6.dir/build
make[1]: Entering directory '/home/ferdy/lststools/dune/source/CMakeFiles/CMakeTmp'
Building CXX object CMakeFiles/cmTC_57fc6.dir/src.cxx.o
/usr/bin/c++    -DDUNE_SYS_HAS_GET_OVERLAPPED_RESULT -Wall -Wshadow -pedantic   -o CMakeFiles/cmTC_57fc6.dir/src.cxx.o -c /home/ferdy/lststools/dune/source/CMakeFiles/CMakeTmp/src.cxx
/home/ferdy/lststools/dune/source/CMakeFiles/CMakeTmp/src.cxx: In function ‘int main()’:
/home/ferdy/lststools/dune/source/CMakeFiles/CMakeTmp/src.cxx:3:1: error: ‘HANDLE’ was not declared in this scope
 HANDLE x;
 ^~~~~~
/home/ferdy/lststools/dune/source/CMakeFiles/CMakeTmp/src.cxx:4:1: error: ‘OVERLAPPED’ was not declared in this scope
 OVERLAPPED xx;
 ^~~~~~~~~~
/home/ferdy/lststools/dune/source/CMakeFiles/CMakeTmp/src.cxx:5:1: error: ‘DWORD’ was not declared in this scope
 DWORD xxx;
 ^~~~~
/home/ferdy/lststools/dune/source/CMakeFiles/CMakeTmp/src.cxx:6:1: error: ‘BOOL’ was not declared in this scope
 BOOL xxxx;
 ^~~~
/home/ferdy/lststools/dune/source/CMakeFiles/CMakeTmp/src.cxx:8:7: error: expected ‘;’ before ‘rv’
  BOOL rv = GetOverlappedResult(x, &xx, &xxx, xxxx);
       ^~
CMakeFiles/cmTC_57fc6.dir/build.make:65: recipe for target 'CMakeFiles/cmTC_57fc6.dir/src.cxx.o' failed
make[1]: *** [CMakeFiles/cmTC_57fc6.dir/src.cxx.o] Error 1
make[1]: Leaving directory '/home/ferdy/lststools/dune/source/CMakeFiles/CMakeTmp'
Makefile:126: recipe for target 'cmTC_57fc6/fast' failed
make: *** [cmTC_57fc6/fast] Error 2

Source file was:

int main(void) {
HANDLE x;
OVERLAPPED xx;
DWORD xxx;
BOOL xxxx;

 BOOL rv = GetOverlappedResult(x, &xx, &xxx, xxxx);
return 0;
}

Performing C++ SOURCE FILE Test DUNE_SYS_HAS_SET_COMM_STATE failed with the following output:
Change Dir: /home/ferdy/lststools/dune/source/CMakeFiles/CMakeTmp

Run Build Command:"/usr/bin/make" "cmTC_f3579/fast"
/usr/bin/make -f CMakeFiles/cmTC_f3579.dir/build.make CMakeFiles/cmTC_f3579.dir/build
make[1]: Entering directory '/home/ferdy/lststools/dune/source/CMakeFiles/CMakeTmp'
Building CXX object CMakeFiles/cmTC_f3579.dir/src.cxx.o
/usr/bin/c++    -DDUNE_SYS_HAS_SET_COMM_STATE -Wall -Wshadow -pedantic   -o CMakeFiles/cmTC_f3579.dir/src.cxx.o -c /home/ferdy/lststools/dune/source/CMakeFiles/CMakeTmp/src.cxx
/home/ferdy/lststools/dune/source/CMakeFiles/CMakeTmp/src.cxx: In function ‘int main()’:
/home/ferdy/lststools/dune/source/CMakeFiles/CMakeTmp/src.cxx:3:1: error: ‘HANDLE’ was not declared in this scope
 HANDLE x;
 ^~~~~~
/home/ferdy/lststools/dune/source/CMakeFiles/CMakeTmp/src.cxx:4:1: error: ‘DCB’ was not declared in this scope
 DCB xx;
 ^~~
/home/ferdy/lststools/dune/source/CMakeFiles/CMakeTmp/src.cxx:6:2: error: ‘BOOL’ was not declared in this scope
  BOOL rv = SetCommState(x, &xx);
  ^~~~
CMakeFiles/cmTC_f3579.dir/build.make:65: recipe for target 'CMakeFiles/cmTC_f3579.dir/src.cxx.o' failed
make[1]: *** [CMakeFiles/cmTC_f3579.dir/src.cxx.o] Error 1
make[1]: Leaving directory '/home/ferdy/lststools/dune/source/CMakeFiles/CMakeTmp'
Makefile:126: recipe for target 'cmTC_f3579/fast' failed
make: *** [cmTC_f3579/fast] Error 2

Source file was:

int main(void) {
HANDLE x;
DCB xx;

 BOOL rv = SetCommState(x, &xx);
return 0;
}

Performing C++ SOURCE FILE Test DUNE_SYS_HAS_GET_COMM_STATE failed with the following output:
Change Dir: /home/ferdy/lststools/dune/source/CMakeFiles/CMakeTmp

Run Build Command:"/usr/bin/make" "cmTC_96bf1/fast"
/usr/bin/make -f CMakeFiles/cmTC_96bf1.dir/build.make CMakeFiles/cmTC_96bf1.dir/build
make[1]: Entering directory '/home/ferdy/lststools/dune/source/CMakeFiles/CMakeTmp'
Building CXX object CMakeFiles/cmTC_96bf1.dir/src.cxx.o
/usr/bin/c++    -DDUNE_SYS_HAS_GET_COMM_STATE -Wall -Wshadow -pedantic   -o CMakeFiles/cmTC_96bf1.dir/src.cxx.o -c /home/ferdy/lststools/dune/source/CMakeFiles/CMakeTmp/src.cxx
/home/ferdy/lststools/dune/source/CMakeFiles/CMakeTmp/src.cxx: In function ‘int main()’:
/home/ferdy/lststools/dune/source/CMakeFiles/CMakeTmp/src.cxx:3:1: error: ‘HANDLE’ was not declared in this scope
 HANDLE x;
 ^~~~~~
/home/ferdy/lststools/dune/source/CMakeFiles/CMakeTmp/src.cxx:4:1: error: ‘DCB’ was not declared in this scope
 DCB xx;
 ^~~
/home/ferdy/lststools/dune/source/CMakeFiles/CMakeTmp/src.cxx:6:2: error: ‘BOOL’ was not declared in this scope
  BOOL rv = GetCommState(x, &xx);
  ^~~~
CMakeFiles/cmTC_96bf1.dir/build.make:65: recipe for target 'CMakeFiles/cmTC_96bf1.dir/src.cxx.o' failed
make[1]: *** [CMakeFiles/cmTC_96bf1.dir/src.cxx.o] Error 1
make[1]: Leaving directory '/home/ferdy/lststools/dune/source/CMakeFiles/CMakeTmp'
Makefile:126: recipe for target 'cmTC_96bf1/fast' failed
make: *** [cmTC_96bf1/fast] Error 2

Source file was:

int main(void) {
HANDLE x;
DCB xx;

 BOOL rv = GetCommState(x, &xx);
return 0;
}

Performing C++ SOURCE FILE Test DUNE_SYS_HAS_SET_COMM_MASK failed with the following output:
Change Dir: /home/ferdy/lststools/dune/source/CMakeFiles/CMakeTmp

Run Build Command:"/usr/bin/make" "cmTC_a5d62/fast"
/usr/bin/make -f CMakeFiles/cmTC_a5d62.dir/build.make CMakeFiles/cmTC_a5d62.dir/build
make[1]: Entering directory '/home/ferdy/lststools/dune/source/CMakeFiles/CMakeTmp'
Building CXX object CMakeFiles/cmTC_a5d62.dir/src.cxx.o
/usr/bin/c++    -DDUNE_SYS_HAS_SET_COMM_MASK -Wall -Wshadow -pedantic   -o CMakeFiles/cmTC_a5d62.dir/src.cxx.o -c /home/ferdy/lststools/dune/source/CMakeFiles/CMakeTmp/src.cxx
/home/ferdy/lststools/dune/source/CMakeFiles/CMakeTmp/src.cxx: In function ‘int main()’:
/home/ferdy/lststools/dune/source/CMakeFiles/CMakeTmp/src.cxx:3:1: error: ‘HANDLE’ was not declared in this scope
 HANDLE x;
 ^~~~~~
/home/ferdy/lststools/dune/source/CMakeFiles/CMakeTmp/src.cxx:4:1: error: ‘DWORD’ was not declared in this scope
 DWORD xx;
 ^~~~~
/home/ferdy/lststools/dune/source/CMakeFiles/CMakeTmp/src.cxx:6:2: error: ‘BOOL’ was not declared in this scope
  BOOL rv = SetCommMask(x, xx);
  ^~~~
CMakeFiles/cmTC_a5d62.dir/build.make:65: recipe for target 'CMakeFiles/cmTC_a5d62.dir/src.cxx.o' failed
make[1]: *** [CMakeFiles/cmTC_a5d62.dir/src.cxx.o] Error 1
make[1]: Leaving directory '/home/ferdy/lststools/dune/source/CMakeFiles/CMakeTmp'
Makefile:126: recipe for target 'cmTC_a5d62/fast' failed
make: *** [cmTC_a5d62/fast] Error 2

Source file was:

int main(void) {
HANDLE x;
DWORD xx;

 BOOL rv = SetCommMask(x, xx);
return 0;
}

Performing C++ SOURCE FILE Test DUNE_SYS_HAS_PURGE_COMM failed with the following output:
Change Dir: /home/ferdy/lststools/dune/source/CMakeFiles/CMakeTmp

Run Build Command:"/usr/bin/make" "cmTC_20f44/fast"
/usr/bin/make -f CMakeFiles/cmTC_20f44.dir/build.make CMakeFiles/cmTC_20f44.dir/build
make[1]: Entering directory '/home/ferdy/lststools/dune/source/CMakeFiles/CMakeTmp'
Building CXX object CMakeFiles/cmTC_20f44.dir/src.cxx.o
/usr/bin/c++    -DDUNE_SYS_HAS_PURGE_COMM -Wall -Wshadow -pedantic   -o CMakeFiles/cmTC_20f44.dir/src.cxx.o -c /home/ferdy/lststools/dune/source/CMakeFiles/CMakeTmp/src.cxx
/home/ferdy/lststools/dune/source/CMakeFiles/CMakeTmp/src.cxx: In function ‘int main()’:
/home/ferdy/lststools/dune/source/CMakeFiles/CMakeTmp/src.cxx:3:1: error: ‘HANDLE’ was not declared in this scope
 HANDLE x;
 ^~~~~~
/home/ferdy/lststools/dune/source/CMakeFiles/CMakeTmp/src.cxx:4:1: error: ‘DWORD’ was not declared in this scope
 DWORD xx;
 ^~~~~
/home/ferdy/lststools/dune/source/CMakeFiles/CMakeTmp/src.cxx:6:2: error: ‘BOOL’ was not declared in this scope
  BOOL rv = PurgeComm(x, xx);
  ^~~~
CMakeFiles/cmTC_20f44.dir/build.make:65: recipe for target 'CMakeFiles/cmTC_20f44.dir/src.cxx.o' failed
make[1]: *** [CMakeFiles/cmTC_20f44.dir/src.cxx.o] Error 1
make[1]: Leaving directory '/home/ferdy/lststools/dune/source/CMakeFiles/CMakeTmp'
Makefile:126: recipe for target 'cmTC_20f44/fast' failed
make: *** [cmTC_20f44/fast] Error 2

Source file was:

int main(void) {
HANDLE x;
DWORD xx;

 BOOL rv = PurgeComm(x, xx);
return 0;
}

Performing C++ SOURCE FILE Test DUNE_SYS_HAS_WAIT_COMM_EVENT failed with the following output:
Change Dir: /home/ferdy/lststools/dune/source/CMakeFiles/CMakeTmp

Run Build Command:"/usr/bin/make" "cmTC_91e1e/fast"
/usr/bin/make -f CMakeFiles/cmTC_91e1e.dir/build.make CMakeFiles/cmTC_91e1e.dir/build
make[1]: Entering directory '/home/ferdy/lststools/dune/source/CMakeFiles/CMakeTmp'
Building CXX object CMakeFiles/cmTC_91e1e.dir/src.cxx.o
/usr/bin/c++    -DDUNE_SYS_HAS_WAIT_COMM_EVENT -Wall -Wshadow -pedantic   -o CMakeFiles/cmTC_91e1e.dir/src.cxx.o -c /home/ferdy/lststools/dune/source/CMakeFiles/CMakeTmp/src.cxx
/home/ferdy/lststools/dune/source/CMakeFiles/CMakeTmp/src.cxx: In function ‘int main()’:
/home/ferdy/lststools/dune/source/CMakeFiles/CMakeTmp/src.cxx:3:1: error: ‘HANDLE’ was not declared in this scope
 HANDLE x;
 ^~~~~~
/home/ferdy/lststools/dune/source/CMakeFiles/CMakeTmp/src.cxx:4:1: error: ‘DWORD’ was not declared in this scope
 DWORD xx;
 ^~~~~
/home/ferdy/lststools/dune/source/CMakeFiles/CMakeTmp/src.cxx:5:1: error: ‘OVERLAPPED’ was not declared in this scope
 OVERLAPPED xxx;
 ^~~~~~~~~~
/home/ferdy/lststools/dune/source/CMakeFiles/CMakeTmp/src.cxx:7:2: error: ‘BOOL’ was not declared in this scope
  BOOL rv = WaitCommEvent(x, &xx, &xxx);
  ^~~~
CMakeFiles/cmTC_91e1e.dir/build.make:65: recipe for target 'CMakeFiles/cmTC_91e1e.dir/src.cxx.o' failed
make[1]: *** [CMakeFiles/cmTC_91e1e.dir/src.cxx.o] Error 1
make[1]: Leaving directory '/home/ferdy/lststools/dune/source/CMakeFiles/CMakeTmp'
Makefile:126: recipe for target 'cmTC_91e1e/fast' failed
make: *** [cmTC_91e1e/fast] Error 2

Source file was:

int main(void) {
HANDLE x;
DWORD xx;
OVERLAPPED xxx;

 BOOL rv = WaitCommEvent(x, &xx, &xxx);
return 0;
}

Performing C++ SOURCE FILE Test DUNE_SYS_HAS_SET_COMM_BREAK failed with the following output:
Change Dir: /home/ferdy/lststools/dune/source/CMakeFiles/CMakeTmp

Run Build Command:"/usr/bin/make" "cmTC_5f7f1/fast"
/usr/bin/make -f CMakeFiles/cmTC_5f7f1.dir/build.make CMakeFiles/cmTC_5f7f1.dir/build
make[1]: Entering directory '/home/ferdy/lststools/dune/source/CMakeFiles/CMakeTmp'
Building CXX object CMakeFiles/cmTC_5f7f1.dir/src.cxx.o
/usr/bin/c++    -DDUNE_SYS_HAS_SET_COMM_BREAK -Wall -Wshadow -pedantic   -o CMakeFiles/cmTC_5f7f1.dir/src.cxx.o -c /home/ferdy/lststools/dune/source/CMakeFiles/CMakeTmp/src.cxx
/home/ferdy/lststools/dune/source/CMakeFiles/CMakeTmp/src.cxx: In function ‘int main()’:
/home/ferdy/lststools/dune/source/CMakeFiles/CMakeTmp/src.cxx:3:1: error: ‘HANDLE’ was not declared in this scope
 HANDLE x;
 ^~~~~~
/home/ferdy/lststools/dune/source/CMakeFiles/CMakeTmp/src.cxx:5:2: error: ‘BOOL’ was not declared in this scope
  BOOL rv = SetCommBreak(x);
  ^~~~
CMakeFiles/cmTC_5f7f1.dir/build.make:65: recipe for target 'CMakeFiles/cmTC_5f7f1.dir/src.cxx.o' failed
make[1]: *** [CMakeFiles/cmTC_5f7f1.dir/src.cxx.o] Error 1
make[1]: Leaving directory '/home/ferdy/lststools/dune/source/CMakeFiles/CMakeTmp'
Makefile:126: recipe for target 'cmTC_5f7f1/fast' failed
make: *** [cmTC_5f7f1/fast] Error 2

Source file was:

int main(void) {
HANDLE x;

 BOOL rv = SetCommBreak(x);
return 0;
}

Performing C++ SOURCE FILE Test DUNE_SYS_HAS_CLEAR_COMM_BREAK failed with the following output:
Change Dir: /home/ferdy/lststools/dune/source/CMakeFiles/CMakeTmp

Run Build Command:"/usr/bin/make" "cmTC_79a05/fast"
/usr/bin/make -f CMakeFiles/cmTC_79a05.dir/build.make CMakeFiles/cmTC_79a05.dir/build
make[1]: Entering directory '/home/ferdy/lststools/dune/source/CMakeFiles/CMakeTmp'
Building CXX object CMakeFiles/cmTC_79a05.dir/src.cxx.o
/usr/bin/c++    -DDUNE_SYS_HAS_CLEAR_COMM_BREAK -Wall -Wshadow -pedantic   -o CMakeFiles/cmTC_79a05.dir/src.cxx.o -c /home/ferdy/lststools/dune/source/CMakeFiles/CMakeTmp/src.cxx
/home/ferdy/lststools/dune/source/CMakeFiles/CMakeTmp/src.cxx: In function ‘int main()’:
/home/ferdy/lststools/dune/source/CMakeFiles/CMakeTmp/src.cxx:3:1: error: ‘HANDLE’ was not declared in this scope
 HANDLE x;
 ^~~~~~
/home/ferdy/lststools/dune/source/CMakeFiles/CMakeTmp/src.cxx:5:2: error: ‘BOOL’ was not declared in this scope
  BOOL rv = ClearCommBreak(x);
  ^~~~
CMakeFiles/cmTC_79a05.dir/build.make:65: recipe for target 'CMakeFiles/cmTC_79a05.dir/src.cxx.o' failed
make[1]: *** [CMakeFiles/cmTC_79a05.dir/src.cxx.o] Error 1
make[1]: Leaving directory '/home/ferdy/lststools/dune/source/CMakeFiles/CMakeTmp'
Makefile:126: recipe for target 'cmTC_79a05/fast' failed
make: *** [cmTC_79a05/fast] Error 2

Source file was:

int main(void) {
HANDLE x;

 BOOL rv = ClearCommBreak(x);
return 0;
}

Performing C++ SOURCE FILE Test DUNE_SYS_HAS_CLEAR_COMM_ERROR failed with the following output:
Change Dir: /home/ferdy/lststools/dune/source/CMakeFiles/CMakeTmp

Run Build Command:"/usr/bin/make" "cmTC_90e7a/fast"
/usr/bin/make -f CMakeFiles/cmTC_90e7a.dir/build.make CMakeFiles/cmTC_90e7a.dir/build
make[1]: Entering directory '/home/ferdy/lststools/dune/source/CMakeFiles/CMakeTmp'
Building CXX object CMakeFiles/cmTC_90e7a.dir/src.cxx.o
/usr/bin/c++    -DDUNE_SYS_HAS_CLEAR_COMM_ERROR -Wall -Wshadow -pedantic   -o CMakeFiles/cmTC_90e7a.dir/src.cxx.o -c /home/ferdy/lststools/dune/source/CMakeFiles/CMakeTmp/src.cxx
/home/ferdy/lststools/dune/source/CMakeFiles/CMakeTmp/src.cxx: In function ‘int main()’:
/home/ferdy/lststools/dune/source/CMakeFiles/CMakeTmp/src.cxx:3:1: error: ‘HANDLE’ was not declared in this scope
 HANDLE x;
 ^~~~~~
/home/ferdy/lststools/dune/source/CMakeFiles/CMakeTmp/src.cxx:4:1: error: ‘DWORD’ was not declared in this scope
 DWORD xx;
 ^~~~~
/home/ferdy/lststools/dune/source/CMakeFiles/CMakeTmp/src.cxx:5:1: error: ‘COMSTAT’ was not declared in this scope
 COMSTAT xxx;
 ^~~~~~~
/home/ferdy/lststools/dune/source/CMakeFiles/CMakeTmp/src.cxx:7:2: error: ‘BOOL’ was not declared in this scope
  BOOL rv = ClearCommError(x, &xx, &xxx);
  ^~~~
CMakeFiles/cmTC_90e7a.dir/build.make:65: recipe for target 'CMakeFiles/cmTC_90e7a.dir/src.cxx.o' failed
make[1]: *** [CMakeFiles/cmTC_90e7a.dir/src.cxx.o] Error 1
make[1]: Leaving directory '/home/ferdy/lststools/dune/source/CMakeFiles/CMakeTmp'
Makefile:126: recipe for target 'cmTC_90e7a/fast' failed
make: *** [cmTC_90e7a/fast] Error 2

Source file was:

int main(void) {
HANDLE x;
DWORD xx;
COMSTAT xxx;

 BOOL rv = ClearCommError(x, &xx, &xxx);
return 0;
}

Performing C++ SOURCE FILE Test DUNE_SYS_HAS_WAIT_FOR_SINGLE_OBJECT failed with the following output:
Change Dir: /home/ferdy/lststools/dune/source/CMakeFiles/CMakeTmp

Run Build Command:"/usr/bin/make" "cmTC_94516/fast"
/usr/bin/make -f CMakeFiles/cmTC_94516.dir/build.make CMakeFiles/cmTC_94516.dir/build
make[1]: Entering directory '/home/ferdy/lststools/dune/source/CMakeFiles/CMakeTmp'
Building CXX object CMakeFiles/cmTC_94516.dir/src.cxx.o
/usr/bin/c++    -DDUNE_SYS_HAS_WAIT_FOR_SINGLE_OBJECT -Wall -Wshadow -pedantic   -o CMakeFiles/cmTC_94516.dir/src.cxx.o -c /home/ferdy/lststools/dune/source/CMakeFiles/CMakeTmp/src.cxx
/home/ferdy/lststools/dune/source/CMakeFiles/CMakeTmp/src.cxx: In function ‘int main()’:
/home/ferdy/lststools/dune/source/CMakeFiles/CMakeTmp/src.cxx:3:1: error: ‘HANDLE’ was not declared in this scope
 HANDLE x;
 ^~~~~~
/home/ferdy/lststools/dune/source/CMakeFiles/CMakeTmp/src.cxx:4:1: error: ‘DWORD’ was not declared in this scope
 DWORD xx;
 ^~~~~
/home/ferdy/lststools/dune/source/CMakeFiles/CMakeTmp/src.cxx:6:8: error: expected ‘;’ before ‘rv’
  DWORD rv = WaitForSingleObject(x, xx);
        ^~
CMakeFiles/cmTC_94516.dir/build.make:65: recipe for target 'CMakeFiles/cmTC_94516.dir/src.cxx.o' failed
make[1]: *** [CMakeFiles/cmTC_94516.dir/src.cxx.o] Error 1
make[1]: Leaving directory '/home/ferdy/lststools/dune/source/CMakeFiles/CMakeTmp'
Makefile:126: recipe for target 'cmTC_94516/fast' failed
make: *** [cmTC_94516/fast] Error 2

Source file was:

int main(void) {
HANDLE x;
DWORD xx;

 DWORD rv = WaitForSingleObject(x, xx);
return 0;
}

Performing C++ SOURCE FILE Test DUNE_SYS_HAS_CREATE_EVENT failed with the following output:
Change Dir: /home/ferdy/lststools/dune/source/CMakeFiles/CMakeTmp

Run Build Command:"/usr/bin/make" "cmTC_cd6d8/fast"
/usr/bin/make -f CMakeFiles/cmTC_cd6d8.dir/build.make CMakeFiles/cmTC_cd6d8.dir/build
make[1]: Entering directory '/home/ferdy/lststools/dune/source/CMakeFiles/CMakeTmp'
Building CXX object CMakeFiles/cmTC_cd6d8.dir/src.cxx.o
/usr/bin/c++    -DDUNE_SYS_HAS_CREATE_EVENT -Wall -Wshadow -pedantic   -o CMakeFiles/cmTC_cd6d8.dir/src.cxx.o -c /home/ferdy/lststools/dune/source/CMakeFiles/CMakeTmp/src.cxx
/home/ferdy/lststools/dune/source/CMakeFiles/CMakeTmp/src.cxx: In function ‘int main()’:
/home/ferdy/lststools/dune/source/CMakeFiles/CMakeTmp/src.cxx:3:1: error: ‘SECURITY_ATTRIBUTES’ was not declared in this scope
 SECURITY_ATTRIBUTES x;
 ^~~~~~~~~~~~~~~~~~~
/home/ferdy/lststools/dune/source/CMakeFiles/CMakeTmp/src.cxx:4:1: error: ‘BOOL’ was not declared in this scope
 BOOL xx;
 ^~~~
/home/ferdy/lststools/dune/source/CMakeFiles/CMakeTmp/src.cxx:5:6: error: expected ‘;’ before ‘xxx’
 BOOL xxx;
      ^~~
/home/ferdy/lststools/dune/source/CMakeFiles/CMakeTmp/src.cxx:6:1: error: ‘LPCSTR’ was not declared in this scope
 LPCSTR xxxx;
 ^~~~~~
/home/ferdy/lststools/dune/source/CMakeFiles/CMakeTmp/src.cxx:8:2: error: ‘HANDLE’ was not declared in this scope
  HANDLE rv = CreateEvent(&x, xx, xxx, xxxx);
  ^~~~~~
CMakeFiles/cmTC_cd6d8.dir/build.make:65: recipe for target 'CMakeFiles/cmTC_cd6d8.dir/src.cxx.o' failed
make[1]: *** [CMakeFiles/cmTC_cd6d8.dir/src.cxx.o] Error 1
make[1]: Leaving directory '/home/ferdy/lststools/dune/source/CMakeFiles/CMakeTmp'
Makefile:126: recipe for target 'cmTC_cd6d8/fast' failed
make: *** [cmTC_cd6d8/fast] Error 2

Source file was:

int main(void) {
SECURITY_ATTRIBUTES x;
BOOL xx;
BOOL xxx;
LPCSTR xxxx;

 HANDLE rv = CreateEvent(&x, xx, xxx, xxxx);
return 0;
}

Performing C++ SOURCE FILE Test DUNE_SYS_HAS__ISNAN failed with the following output:
Change Dir: /home/ferdy/lststools/dune/source/CMakeFiles/CMakeTmp

Run Build Command:"/usr/bin/make" "cmTC_d05e4/fast"
/usr/bin/make -f CMakeFiles/cmTC_d05e4.dir/build.make CMakeFiles/cmTC_d05e4.dir/build
make[1]: Entering directory '/home/ferdy/lststools/dune/source/CMakeFiles/CMakeTmp'
Building CXX object CMakeFiles/cmTC_d05e4.dir/src.cxx.o
/usr/bin/c++    -DDUNE_SYS_HAS__ISNAN -Wall -Wshadow -pedantic   -o CMakeFiles/cmTC_d05e4.dir/src.cxx.o -c /home/ferdy/lststools/dune/source/CMakeFiles/CMakeTmp/src.cxx
/home/ferdy/lststools/dune/source/CMakeFiles/CMakeTmp/src.cxx: In function ‘int main()’:
/home/ferdy/lststools/dune/source/CMakeFiles/CMakeTmp/src.cxx:6:11: error: ‘_isnan’ was not declared in this scope
  int rv = _isnan(x);
           ^~~~~~
/home/ferdy/lststools/dune/source/CMakeFiles/CMakeTmp/src.cxx:6:6: warning: unused variable ‘rv’ [-Wunused-variable]
  int rv = _isnan(x);
      ^~
CMakeFiles/cmTC_d05e4.dir/build.make:65: recipe for target 'CMakeFiles/cmTC_d05e4.dir/src.cxx.o' failed
make[1]: *** [CMakeFiles/cmTC_d05e4.dir/src.cxx.o] Error 1
make[1]: Leaving directory '/home/ferdy/lststools/dune/source/CMakeFiles/CMakeTmp'
Makefile:126: recipe for target 'cmTC_d05e4/fast' failed
make: *** [cmTC_d05e4/fast] Error 2

Source file was:
#include <float.h>

int main(void) {
double x;

 int rv = _isnan(x);
return 0;
}

Performing C++ SOURCE FILE Test DUNE_SYS_HAS_CRITICAL_SECTION failed with the following output:
Change Dir: /home/ferdy/lststools/dune/source/CMakeFiles/CMakeTmp

Run Build Command:"/usr/bin/make" "cmTC_5260f/fast"
/usr/bin/make -f CMakeFiles/cmTC_5260f.dir/build.make CMakeFiles/cmTC_5260f.dir/build
make[1]: Entering directory '/home/ferdy/lststools/dune/source/CMakeFiles/CMakeTmp'
Building CXX object CMakeFiles/cmTC_5260f.dir/src.cxx.o
/usr/bin/c++    -DDUNE_SYS_HAS_CRITICAL_SECTION -Wall -Wshadow -pedantic   -o CMakeFiles/cmTC_5260f.dir/src.cxx.o -c /home/ferdy/lststools/dune/source/CMakeFiles/CMakeTmp/src.cxx
/home/ferdy/lststools/dune/source/CMakeFiles/CMakeTmp/src.cxx: In function ‘int main()’:
/home/ferdy/lststools/dune/source/CMakeFiles/CMakeTmp/src.cxx:2:18: error: ‘CRITICAL_SECTION’ was not declared in this scope
 int main(void) { CRITICAL_SECTION x; return 0;}
                  ^~~~~~~~~~~~~~~~
CMakeFiles/cmTC_5260f.dir/build.make:65: recipe for target 'CMakeFiles/cmTC_5260f.dir/src.cxx.o' failed
make[1]: *** [CMakeFiles/cmTC_5260f.dir/src.cxx.o] Error 1
make[1]: Leaving directory '/home/ferdy/lststools/dune/source/CMakeFiles/CMakeTmp'
Makefile:126: recipe for target 'cmTC_5260f/fast' failed
make: *** [cmTC_5260f/fast] Error 2

Source file was:

int main(void) { CRITICAL_SECTION x; return 0;}

Determining if the function BVTSonar_Create exists in the bvtsdk failed with the following output:
Change Dir: /home/ferdy/lststools/dune/source/CMakeFiles/CMakeTmp

Run Build Command:"/usr/bin/make" "cmTC_c4b75/fast"
/usr/bin/make -f CMakeFiles/cmTC_c4b75.dir/build.make CMakeFiles/cmTC_c4b75.dir/build
make[1]: Entering directory '/home/ferdy/lststools/dune/source/CMakeFiles/CMakeTmp'
Building C object CMakeFiles/cmTC_c4b75.dir/CheckFunctionExists.c.o
/usr/bin/cc   -DCHECK_FUNCTION_EXISTS=BVTSonar_Create -Wall -Wshadow -pedantic   -o CMakeFiles/cmTC_c4b75.dir/CheckFunctionExists.c.o   -c /usr/share/cmake-3.10/Modules/CheckFunctionExists.c
Linking C executable cmTC_c4b75
/usr/bin/cmake -E cmake_link_script CMakeFiles/cmTC_c4b75.dir/link.txt --verbose=1
/usr/bin/cc  -DCHECK_FUNCTION_EXISTS=BVTSonar_Create -Wall -Wshadow -pedantic    -rdynamic CMakeFiles/cmTC_c4b75.dir/CheckFunctionExists.c.o  -o cmTC_c4b75 -lbvtsdk -lrt -lpthread -lm -lnsl -ldl 
/usr/bin/ld: cannot find -lbvtsdk
collect2: error: ld returned 1 exit status
CMakeFiles/cmTC_c4b75.dir/build.make:97: recipe for target 'cmTC_c4b75' failed
make[1]: *** [cmTC_c4b75] Error 1
make[1]: Leaving directory '/home/ferdy/lststools/dune/source/CMakeFiles/CMakeTmp'
Makefile:126: recipe for target 'cmTC_c4b75/fast' failed
make: *** [cmTC_c4b75/fast] Error 2


Determining if the include file bvt_sdk.h exists failed with the following output:
Change Dir: /home/ferdy/lststools/dune/source/CMakeFiles/CMakeTmp

Run Build Command:"/usr/bin/make" "cmTC_6826d/fast"
/usr/bin/make -f CMakeFiles/cmTC_6826d.dir/build.make CMakeFiles/cmTC_6826d.dir/build
make[1]: Entering directory '/home/ferdy/lststools/dune/source/CMakeFiles/CMakeTmp'
Building CXX object CMakeFiles/cmTC_6826d.dir/CheckIncludeFile.cxx.o
/usr/bin/c++    -Wall -Wshadow -pedantic   -o CMakeFiles/cmTC_6826d.dir/CheckIncludeFile.cxx.o -c /home/ferdy/lststools/dune/source/CMakeFiles/CMakeTmp/CheckIncludeFile.cxx
/home/ferdy/lststools/dune/source/CMakeFiles/CMakeTmp/CheckIncludeFile.cxx:1:10: fatal error: bvt_sdk.h: No such file or directory
 #include <bvt_sdk.h>
          ^~~~~~~~~~~
compilation terminated.
CMakeFiles/cmTC_6826d.dir/build.make:65: recipe for target 'CMakeFiles/cmTC_6826d.dir/CheckIncludeFile.cxx.o' failed
make[1]: *** [CMakeFiles/cmTC_6826d.dir/CheckIncludeFile.cxx.o] Error 1
make[1]: Leaving directory '/home/ferdy/lststools/dune/source/CMakeFiles/CMakeTmp'
Makefile:126: recipe for target 'cmTC_6826d/fast' failed
make: *** [cmTC_6826d/fast] Error 2


Determining if the function libusb_init exists in the usb-1.0 failed with the following output:
Change Dir: /home/ferdy/lststools/dune/source/CMakeFiles/CMakeTmp

Run Build Command:"/usr/bin/make" "cmTC_e99a2/fast"
/usr/bin/make -f CMakeFiles/cmTC_e99a2.dir/build.make CMakeFiles/cmTC_e99a2.dir/build
make[1]: Entering directory '/home/ferdy/lststools/dune/source/CMakeFiles/CMakeTmp'
Building C object CMakeFiles/cmTC_e99a2.dir/CheckFunctionExists.c.o
/usr/bin/cc   -DCHECK_FUNCTION_EXISTS=libusb_init -Wall -Wshadow -pedantic   -o CMakeFiles/cmTC_e99a2.dir/CheckFunctionExists.c.o   -c /usr/share/cmake-3.10/Modules/CheckFunctionExists.c
Linking C executable cmTC_e99a2
/usr/bin/cmake -E cmake_link_script CMakeFiles/cmTC_e99a2.dir/link.txt --verbose=1
/usr/bin/cc  -DCHECK_FUNCTION_EXISTS=libusb_init -Wall -Wshadow -pedantic    -rdynamic CMakeFiles/cmTC_e99a2.dir/CheckFunctionExists.c.o  -o cmTC_e99a2 -lusb-1.0 -lrt -lpthread -lm -lnsl -ldl 
/usr/bin/ld: cannot find -lusb-1.0
collect2: error: ld returned 1 exit status
CMakeFiles/cmTC_e99a2.dir/build.make:97: recipe for target 'cmTC_e99a2' failed
make[1]: *** [cmTC_e99a2] Error 1
make[1]: Leaving directory '/home/ferdy/lststools/dune/source/CMakeFiles/CMakeTmp'
Makefile:126: recipe for target 'cmTC_e99a2/fast' failed
make: *** [cmTC_e99a2/fast] Error 2


Determining if the function FT_Open exists in the ftd2xx failed with the following output:
Change Dir: /home/ferdy/lststools/dune/source/CMakeFiles/CMakeTmp

Run Build Command:"/usr/bin/make" "cmTC_fcad9/fast"
/usr/bin/make -f CMakeFiles/cmTC_fcad9.dir/build.make CMakeFiles/cmTC_fcad9.dir/build
make[1]: Entering directory '/home/ferdy/lststools/dune/source/CMakeFiles/CMakeTmp'
Building C object CMakeFiles/cmTC_fcad9.dir/CheckFunctionExists.c.o
/usr/bin/cc   -DCHECK_FUNCTION_EXISTS=FT_Open -Wall -Wshadow -pedantic   -o CMakeFiles/cmTC_fcad9.dir/CheckFunctionExists.c.o   -c /usr/share/cmake-3.10/Modules/CheckFunctionExists.c
Linking C executable cmTC_fcad9
/usr/bin/cmake -E cmake_link_script CMakeFiles/cmTC_fcad9.dir/link.txt --verbose=1
/usr/bin/cc  -DCHECK_FUNCTION_EXISTS=FT_Open -Wall -Wshadow -pedantic    -rdynamic CMakeFiles/cmTC_fcad9.dir/CheckFunctionExists.c.o  -o cmTC_fcad9 -lftd2xx -lrt -lpthread -lm -lnsl -ldl 
/usr/bin/ld: cannot find -lftd2xx
collect2: error: ld returned 1 exit status
CMakeFiles/cmTC_fcad9.dir/build.make:97: recipe for target 'cmTC_fcad9' failed
make[1]: *** [cmTC_fcad9] Error 1
make[1]: Leaving directory '/home/ferdy/lststools/dune/source/CMakeFiles/CMakeTmp'
Makefile:126: recipe for target 'cmTC_fcad9/fast' failed
make: *** [cmTC_fcad9/fast] Error 2


Determining if the include file ftd2xx.h exists failed with the following output:
Change Dir: /home/ferdy/lststools/dune/source/CMakeFiles/CMakeTmp

Run Build Command:"/usr/bin/make" "cmTC_ac65c/fast"
/usr/bin/make -f CMakeFiles/cmTC_ac65c.dir/build.make CMakeFiles/cmTC_ac65c.dir/build
make[1]: Entering directory '/home/ferdy/lststools/dune/source/CMakeFiles/CMakeTmp'
Building CXX object CMakeFiles/cmTC_ac65c.dir/CheckIncludeFile.cxx.o
/usr/bin/c++    -Wall -Wshadow -pedantic   -o CMakeFiles/cmTC_ac65c.dir/CheckIncludeFile.cxx.o -c /home/ferdy/lststools/dune/source/CMakeFiles/CMakeTmp/CheckIncludeFile.cxx
/home/ferdy/lststools/dune/source/CMakeFiles/CMakeTmp/CheckIncludeFile.cxx:1:10: fatal error: ftd2xx.h: No such file or directory
 #include <ftd2xx.h>
          ^~~~~~~~~~
compilation terminated.
CMakeFiles/cmTC_ac65c.dir/build.make:65: recipe for target 'CMakeFiles/cmTC_ac65c.dir/CheckIncludeFile.cxx.o' failed
make[1]: *** [CMakeFiles/cmTC_ac65c.dir/CheckIncludeFile.cxx.o] Error 1
make[1]: Leaving directory '/home/ferdy/lststools/dune/source/CMakeFiles/CMakeTmp'
Makefile:126: recipe for target 'cmTC_ac65c/fast' failed
make: *** [cmTC_ac65c/fast] Error 2


Determining if the function hid_close exists in the hidapi-libusb failed with the following output:
Change Dir: /home/ferdy/lststools/dune/source/CMakeFiles/CMakeTmp

Run Build Command:"/usr/bin/make" "cmTC_3cc8d/fast"
/usr/bin/make -f CMakeFiles/cmTC_3cc8d.dir/build.make CMakeFiles/cmTC_3cc8d.dir/build
make[1]: Entering directory '/home/ferdy/lststools/dune/source/CMakeFiles/CMakeTmp'
Building C object CMakeFiles/cmTC_3cc8d.dir/CheckFunctionExists.c.o
/usr/bin/cc   -DCHECK_FUNCTION_EXISTS=hid_close -Wall -Wshadow -pedantic   -o CMakeFiles/cmTC_3cc8d.dir/CheckFunctionExists.c.o   -c /usr/share/cmake-3.10/Modules/CheckFunctionExists.c
Linking C executable cmTC_3cc8d
/usr/bin/cmake -E cmake_link_script CMakeFiles/cmTC_3cc8d.dir/link.txt --verbose=1
/usr/bin/cc  -DCHECK_FUNCTION_EXISTS=hid_close -Wall -Wshadow -pedantic    -rdynamic CMakeFiles/cmTC_3cc8d.dir/CheckFunctionExists.c.o  -o cmTC_3cc8d -lhidapi-libusb -lrt -lpthread -lm -lnsl -ldl -ljpeg 
/usr/bin/ld: cannot find -lhidapi-libusb
collect2: error: ld returned 1 exit status
CMakeFiles/cmTC_3cc8d.dir/build.make:97: recipe for target 'cmTC_3cc8d' failed
make[1]: *** [cmTC_3cc8d] Error 1
make[1]: Leaving directory '/home/ferdy/lststools/dune/source/CMakeFiles/CMakeTmp'
Makefile:126: recipe for target 'cmTC_3cc8d/fast' failed
make: *** [cmTC_3cc8d/fast] Error 2


Determining if the function usb_device_find_USB_MCC exists in the mccusb failed with the following output:
Change Dir: /home/ferdy/lststools/dune/source/CMakeFiles/CMakeTmp

Run Build Command:"/usr/bin/make" "cmTC_51b46/fast"
/usr/bin/make -f CMakeFiles/cmTC_51b46.dir/build.make CMakeFiles/cmTC_51b46.dir/build
make[1]: Entering directory '/home/ferdy/lststools/dune/source/CMakeFiles/CMakeTmp'
Building C object CMakeFiles/cmTC_51b46.dir/CheckFunctionExists.c.o
/usr/bin/cc   -DCHECK_FUNCTION_EXISTS=usb_device_find_USB_MCC -Wall -Wshadow -pedantic   -o CMakeFiles/cmTC_51b46.dir/CheckFunctionExists.c.o   -c /usr/share/cmake-3.10/Modules/CheckFunctionExists.c
Linking C executable cmTC_51b46
/usr/bin/cmake -E cmake_link_script CMakeFiles/cmTC_51b46.dir/link.txt --verbose=1
/usr/bin/cc  -DCHECK_FUNCTION_EXISTS=usb_device_find_USB_MCC -Wall -Wshadow -pedantic    -rdynamic CMakeFiles/cmTC_51b46.dir/CheckFunctionExists.c.o  -o cmTC_51b46 -lmccusb -lrt -lpthread -lm -lnsl -ldl -ljpeg 
/usr/bin/ld: cannot find -lmccusb
collect2: error: ld returned 1 exit status
CMakeFiles/cmTC_51b46.dir/build.make:97: recipe for target 'cmTC_51b46' failed
make[1]: *** [cmTC_51b46] Error 1
make[1]: Leaving directory '/home/ferdy/lststools/dune/source/CMakeFiles/CMakeTmp'
Makefile:126: recipe for target 'cmTC_51b46/fast' failed
make: *** [cmTC_51b46/fast] Error 2


Determining if the include file mccusb/pmd.h exists failed with the following output:
Change Dir: /home/ferdy/lststools/dune/source/CMakeFiles/CMakeTmp

Run Build Command:"/usr/bin/make" "cmTC_ae200/fast"
/usr/bin/make -f CMakeFiles/cmTC_ae200.dir/build.make CMakeFiles/cmTC_ae200.dir/build
make[1]: Entering directory '/home/ferdy/lststools/dune/source/CMakeFiles/CMakeTmp'
Building CXX object CMakeFiles/cmTC_ae200.dir/CheckIncludeFile.cxx.o
/usr/bin/c++    -Wall -Wshadow -pedantic   -o CMakeFiles/cmTC_ae200.dir/CheckIncludeFile.cxx.o -c /home/ferdy/lststools/dune/source/CMakeFiles/CMakeTmp/CheckIncludeFile.cxx
/home/ferdy/lststools/dune/source/CMakeFiles/CMakeTmp/CheckIncludeFile.cxx:1:10: fatal error: mccusb/pmd.h: No such file or directory
 #include <mccusb/pmd.h>
          ^~~~~~~~~~~~~~
compilation terminated.
CMakeFiles/cmTC_ae200.dir/build.make:65: recipe for target 'CMakeFiles/cmTC_ae200.dir/CheckIncludeFile.cxx.o' failed
make[1]: *** [CMakeFiles/cmTC_ae200.dir/CheckIncludeFile.cxx.o] Error 1
make[1]: Leaving directory '/home/ferdy/lststools/dune/source/CMakeFiles/CMakeTmp'
Makefile:126: recipe for target 'cmTC_ae200/fast' failed
make: *** [cmTC_ae200/fast] Error 2


Determining if the function CPhidgetBridge_setEnabled exists in the phidget21 failed with the following output:
Change Dir: /home/ferdy/lststools/dune/source/CMakeFiles/CMakeTmp

Run Build Command:"/usr/bin/make" "cmTC_33bd3/fast"
/usr/bin/make -f CMakeFiles/cmTC_33bd3.dir/build.make CMakeFiles/cmTC_33bd3.dir/build
make[1]: Entering directory '/home/ferdy/lststools/dune/source/CMakeFiles/CMakeTmp'
Building C object CMakeFiles/cmTC_33bd3.dir/CheckFunctionExists.c.o
/usr/bin/cc   -DCHECK_FUNCTION_EXISTS=CPhidgetBridge_setEnabled -Wall -Wshadow -pedantic   -o CMakeFiles/cmTC_33bd3.dir/CheckFunctionExists.c.o   -c /usr/share/cmake-3.10/Modules/CheckFunctionExists.c
Linking C executable cmTC_33bd3
/usr/bin/cmake -E cmake_link_script CMakeFiles/cmTC_33bd3.dir/link.txt --verbose=1
/usr/bin/cc  -DCHECK_FUNCTION_EXISTS=CPhidgetBridge_setEnabled -Wall -Wshadow -pedantic    -rdynamic CMakeFiles/cmTC_33bd3.dir/CheckFunctionExists.c.o  -o cmTC_33bd3 -lphidget21 -lrt -lpthread -lm -lnsl -ldl -ljpeg 
/usr/bin/ld: cannot find -lphidget21
collect2: error: ld returned 1 exit status
CMakeFiles/cmTC_33bd3.dir/build.make:97: recipe for target 'cmTC_33bd3' failed
make[1]: *** [cmTC_33bd3] Error 1
make[1]: Leaving directory '/home/ferdy/lststools/dune/source/CMakeFiles/CMakeTmp'
Makefile:126: recipe for target 'cmTC_33bd3/fast' failed
make: *** [cmTC_33bd3/fast] Error 2


Determining if the include file phidget21.h exists failed with the following output:
Change Dir: /home/ferdy/lststools/dune/source/CMakeFiles/CMakeTmp

Run Build Command:"/usr/bin/make" "cmTC_123c7/fast"
/usr/bin/make -f CMakeFiles/cmTC_123c7.dir/build.make CMakeFiles/cmTC_123c7.dir/build
make[1]: Entering directory '/home/ferdy/lststools/dune/source/CMakeFiles/CMakeTmp'
Building CXX object CMakeFiles/cmTC_123c7.dir/CheckIncludeFile.cxx.o
/usr/bin/c++    -Wall -Wshadow -pedantic   -o CMakeFiles/cmTC_123c7.dir/CheckIncludeFile.cxx.o -c /home/ferdy/lststools/dune/source/CMakeFiles/CMakeTmp/CheckIncludeFile.cxx
/home/ferdy/lststools/dune/source/CMakeFiles/CMakeTmp/CheckIncludeFile.cxx:1:10: fatal error: phidget21.h: No such file or directory
 #include <phidget21.h>
          ^~~~~~~~~~~~~
compilation terminated.
CMakeFiles/cmTC_123c7.dir/build.make:65: recipe for target 'CMakeFiles/cmTC_123c7.dir/CheckIncludeFile.cxx.o' failed
make[1]: *** [CMakeFiles/cmTC_123c7.dir/CheckIncludeFile.cxx.o] Error 1
make[1]: Leaving directory '/home/ferdy/lststools/dune/source/CMakeFiles/CMakeTmp'
Makefile:126: recipe for target 'cmTC_123c7/fast' failed
make: *** [cmTC_123c7/fast] Error 2


Determining if the function sbp_state_init exists in the swiftnav-static failed with the following output:
Change Dir: /home/ferdy/lststools/dune/source/CMakeFiles/CMakeTmp

Run Build Command:"/usr/bin/make" "cmTC_1f8cf/fast"
/usr/bin/make -f CMakeFiles/cmTC_1f8cf.dir/build.make CMakeFiles/cmTC_1f8cf.dir/build
make[1]: Entering directory '/home/ferdy/lststools/dune/source/CMakeFiles/CMakeTmp'
Building C object CMakeFiles/cmTC_1f8cf.dir/CheckFunctionExists.c.o
/usr/bin/cc   -DCHECK_FUNCTION_EXISTS=sbp_state_init -Wall -Wshadow -pedantic   -o CMakeFiles/cmTC_1f8cf.dir/CheckFunctionExists.c.o   -c /usr/share/cmake-3.10/Modules/CheckFunctionExists.c
Linking C executable cmTC_1f8cf
/usr/bin/cmake -E cmake_link_script CMakeFiles/cmTC_1f8cf.dir/link.txt --verbose=1
/usr/bin/cc  -DCHECK_FUNCTION_EXISTS=sbp_state_init -Wall -Wshadow -pedantic    -rdynamic CMakeFiles/cmTC_1f8cf.dir/CheckFunctionExists.c.o  -o cmTC_1f8cf -lswiftnav-static -lrt -lpthread -lm -lnsl -ldl -ljpeg 
/usr/bin/ld: cannot find -lswiftnav-static
collect2: error: ld returned 1 exit status
CMakeFiles/cmTC_1f8cf.dir/build.make:97: recipe for target 'cmTC_1f8cf' failed
make[1]: *** [cmTC_1f8cf] Error 1
make[1]: Leaving directory '/home/ferdy/lststools/dune/source/CMakeFiles/CMakeTmp'
Makefile:126: recipe for target 'cmTC_1f8cf/fast' failed
make: *** [cmTC_1f8cf/fast] Error 2


Determining if the include file libswiftnav/sbp.h exists failed with the following output:
Change Dir: /home/ferdy/lststools/dune/source/CMakeFiles/CMakeTmp

Run Build Command:"/usr/bin/make" "cmTC_0bc06/fast"
/usr/bin/make -f CMakeFiles/cmTC_0bc06.dir/build.make CMakeFiles/cmTC_0bc06.dir/build
make[1]: Entering directory '/home/ferdy/lststools/dune/source/CMakeFiles/CMakeTmp'
Building CXX object CMakeFiles/cmTC_0bc06.dir/CheckIncludeFile.cxx.o
/usr/bin/c++    -Wall -Wshadow -pedantic   -o CMakeFiles/cmTC_0bc06.dir/CheckIncludeFile.cxx.o -c /home/ferdy/lststools/dune/source/CMakeFiles/CMakeTmp/CheckIncludeFile.cxx
/home/ferdy/lststools/dune/source/CMakeFiles/CMakeTmp/CheckIncludeFile.cxx:1:10: fatal error: libswiftnav/sbp.h: No such file or directory
 #include <libswiftnav/sbp.h>
          ^~~~~~~~~~~~~~~~~~~
compilation terminated.
CMakeFiles/cmTC_0bc06.dir/build.make:65: recipe for target 'CMakeFiles/cmTC_0bc06.dir/CheckIncludeFile.cxx.o' failed
make[1]: *** [CMakeFiles/cmTC_0bc06.dir/CheckIncludeFile.cxx.o] Error 1
make[1]: Leaving directory '/home/ferdy/lststools/dune/source/CMakeFiles/CMakeTmp'
Makefile:126: recipe for target 'cmTC_0bc06/fast' failed
make: *** [cmTC_0bc06/fast] Error 2


